Log file open, 01/18/20 09:32:31
LogWindows: Failed to load 'aqProf.dll' (GetLastError=126)
LogWindows: File 'aqProf.dll' does not exist
LogWindows: Failed to load 'VtuneApi.dll' (GetLastError=126)
LogWindows: File 'VtuneApi.dll' does not exist
LogWindows: Failed to load 'VtuneApi32e.dll' (GetLastError=126)
LogWindows: File 'VtuneApi32e.dll' does not exist
LogConsoleResponse: Display: Failed to find resolution value strings in scalability ini. Falling back to default.
LogInit: Display: Running engine for game: RustyRiot
LogPakFile: Registered encryption key '00000000000000000000000000000000': 0 pak files mounted, 0 remain pending
LogPlatformFile: Not using cached read wrapper
LogTaskGraph: Started task graph with 5 named threads and 35 total threads with 3 sets of task threads.
LogStats: Stats thread started at 0.398344
LogD3D11RHI: Loaded GFSDK_Aftermath_Lib.x64.dll
LogICUInternationalization: ICU TimeZone Detection - Raw Offset: -5:00, Platform Override: ''
LogPluginManager: Mounting plugin Paper2D
LogPluginManager: Mounting plugin AISupport
LogPluginManager: Mounting plugin LightPropagationVolume
LogPluginManager: Mounting plugin ActorLayerUtilities
LogPluginManager: Mounting plugin AnimationSharing
LogPluginManager: Mounting plugin CLionSourceCodeAccess
LogPluginManager: Mounting plugin CodeLiteSourceCodeAccess
LogPluginManager: Mounting plugin GitSourceControl
LogPluginManager: Mounting plugin KDevelopSourceCodeAccess
LogPluginManager: Mounting plugin NullSourceCodeAccess
LogPluginManager: Mounting plugin PerforceSourceControl
LogPluginManager: Mounting plugin SubversionSourceControl
LogPluginManager: Mounting plugin UObjectPlugin
LogPluginManager: Mounting plugin VisualStudioCodeSourceCodeAccess
LogPluginManager: Mounting plugin VisualStudioSourceCodeAccess
LogPluginManager: Mounting plugin XCodeSourceCodeAccess
LogPluginManager: Mounting plugin AssetManagerEditor
LogPluginManager: Mounting plugin CryptoKeys
LogPluginManager: Mounting plugin DataValidation
LogPluginManager: Mounting plugin FacialAnimation
LogPluginManager: Mounting plugin GameplayTagsEditor
LogPluginManager: Mounting plugin MacGraphicsSwitching
LogPluginManager: Mounting plugin MaterialAnalyzer
LogPluginManager: Mounting plugin MobileLauncherProfileWizard
LogPluginManager: Mounting plugin PluginBrowser
LogPluginManager: Mounting plugin SpeedTreeImporter
LogPluginManager: Mounting plugin DatasmithContent
LogPluginManager: Mounting plugin VariantManagerContent
LogPluginManager: Mounting plugin AlembicImporter
LogPluginManager: Mounting plugin AppleImageUtils
LogPluginManager: Mounting plugin AppleVision
LogPluginManager: Mounting plugin BackChannel
LogPluginManager: Mounting plugin CharacterAI
LogPluginManager: Mounting plugin GeometryCache
LogPluginManager: Mounting plugin HTML5Networking
LogPluginManager: Mounting plugin ProxyLODPlugin
LogPluginManager: Mounting plugin SkeletalReduction
LogPluginManager: Mounting plugin MagicLeap
LogPluginManager: Mounting plugin MagicLeapMedia
LogPluginManager: Mounting plugin Substance
LogPluginManager: Mounting plugin AndroidMedia
LogPluginManager: Mounting plugin AvfMedia
LogPluginManager: Mounting plugin ImgMedia
LogPluginManager: Mounting plugin LinearTimecode
LogPluginManager: Mounting plugin MediaCompositing
LogPluginManager: Mounting plugin MediaPlayerEditor
LogPluginManager: Mounting plugin WebMMedia
LogPluginManager: Mounting plugin WmfMedia
LogPluginManager: Mounting plugin TcpMessaging
LogPluginManager: Mounting plugin UdpMessaging
LogPluginManager: Mounting plugin ActorSequence
LogPluginManager: Mounting plugin LevelSequenceEditor
LogPluginManager: Mounting plugin MatineeToLevelSequence
LogPluginManager: Mounting plugin NetcodeUnitTest
LogPluginManager: Mounting plugin NUTUnrealEngine4
LogPluginManager: Mounting plugin OnlineSubsystemGooglePlay
LogPluginManager: Mounting plugin OnlineSubsystemIOS
LogPluginManager: Mounting plugin OnlineSubsystem
LogPluginManager: Mounting plugin OnlineSubsystemNull
LogPluginManager: Mounting plugin OnlineSubsystemUtils
LogPluginManager: Mounting plugin LauncherChunkInstaller
LogPluginManager: Mounting plugin AndroidDeviceProfileSelector
LogPluginManager: Mounting plugin AndroidMoviePlayer
LogPluginManager: Mounting plugin AndroidPermission
LogPluginManager: Mounting plugin ApexDestruction
LogPluginManager: Mounting plugin AppleMoviePlayer
LogPluginManager: Mounting plugin ArchVisCharacter
LogPluginManager: Mounting plugin AudioCapture
LogPluginManager: Mounting plugin CableComponent
LogPluginManager: Mounting plugin CustomMeshComponent
LogPluginManager: Mounting plugin EditableMesh
LogPluginManager: Mounting plugin ExampleDeviceProfileSelector
LogPluginManager: Mounting plugin Firebase
LogPluginManager: Mounting plugin GoogleCloudMessaging
LogPluginManager: Mounting plugin IOSDeviceProfileSelector
LogPluginManager: Mounting plugin LinuxDeviceProfileSelector
LogPluginManager: Mounting plugin LocationServicesBPLibrary
LogPluginManager: Mounting plugin MobilePatchingUtils
LogPluginManager: Mounting plugin OculusVR
LogPluginManager: Mounting plugin PhysXVehicles
LogPluginManager: Mounting plugin ProceduralMeshComponent
LogPluginManager: Mounting plugin RuntimePhysXCooking
LogPluginManager: Mounting plugin SignificanceManager
LogPluginManager: Mounting plugin SteamVR
LogPluginManager: Mounting plugin SunPosition
LogPluginManager: Mounting plugin WebMMoviePlayer
LogPluginManager: Mounting plugin WindowsMoviePlayer
LogInit: Using libcurl 7.55.1-DEV
LogInit:  - built for x86_64-pc-win32
LogInit:  - supports SSL with OpenSSL/1.1.1
LogInit:  - supports HTTP deflate (compression) using libz 1.2.8
LogInit:  - other features:
LogInit:      CURL_VERSION_SSL
LogInit:      CURL_VERSION_LIBZ
LogInit:      CURL_VERSION_IPV6
LogInit:      CURL_VERSION_ASYNCHDNS
LogInit:      CURL_VERSION_LARGEFILE
LogInit:      CURL_VERSION_IDN
LogInit:  CurlRequestOptions (configurable via config and command line):
LogInit:  - bVerifyPeer = true  - Libcurl will verify peer certificate
LogInit:  - bUseHttpProxy = false  - Libcurl will NOT use HTTP proxy
LogInit:  - bDontReuseConnections = false  - Libcurl will reuse connections
LogInit:  - MaxHostConnections = 16  - Libcurl will limit the number of connections to a host
LogInit:  - LocalHostAddr = Default
LogInit:  - BufferSize = 65536
LogInit: WinSock: version 1.1 (2.2), MaxSocks=32767, MaxUdp=65467
LogInit: Build: ++UE4+Release-4.22-CL-6574378
LogInit: Engine Version: 4.22.2-6574378+++UE4+Release-4.22
LogInit: Compatible Engine Version: 4.22.0-5660361+++UE4+Release-4.22
LogInit: Net CL: 5660361
LogInit: OS: Windows 10 (Release 1909) (), CPU: Intel(R) Core(TM) i7-8700K CPU @ 3.70GHz, GPU: NVIDIA GeForce GTX 1080
LogInit: Compiled (64-bit): May 20 2019 09:54:56
LogInit: Compiled with Visual C++: 19.16.27025.01
LogInit: Build Configuration: Development
LogInit: Branch Name: ++UE4+Release-4.22
LogInit: Command Line: 
LogInit: Base Directory: C:/Program Files/Epic Games/UE_4.22/Engine/Binaries/Win64/
LogInit: Installed Engine Build: 1
LogDevObjectVersion: Number of dev versions registered: 23
LogDevObjectVersion:   Dev-Blueprints (B0D832E4-1F89-4F0D-ACCF-7EB736FD4AA2): 10
LogDevObjectVersion:   Dev-Build (E1C64328-A22C-4D53-A36C-8E866417BD8C): 0
LogDevObjectVersion:   Dev-Core (375EC13C-06E4-48FB-B500-84F0262A717E): 3
LogDevObjectVersion:   Dev-Editor (E4B068ED-F494-42E9-A231-DA0B2E46BB41): 30
LogDevObjectVersion:   Dev-Framework (CFFC743F-43B0-4480-9391-14DF171D2073): 35
LogDevObjectVersion:   Dev-Mobile (B02B49B5-BB20-44E9-A304-32B752E40360): 2
LogDevObjectVersion:   Dev-Networking (A4E4105C-59A1-49B5-A7C5-40C4547EDFEE): 0
LogDevObjectVersion:   Dev-Online (39C831C9-5AE6-47DC-9A44-9C173E1C8E7C): 0
LogDevObjectVersion:   Dev-Physics (78F01B33-EBEA-4F98-B9B4-84EACCB95AA2): 0
LogDevObjectVersion:   Dev-Platform (6631380F-2D4D-43E0-8009-CF276956A95A): 0
LogDevObjectVersion:   Dev-Rendering (12F88B9F-8875-4AFC-A67C-D90C383ABD29): 28
LogDevObjectVersion:   Dev-Sequencer (7B5AE74C-D270-4C10-A958-57980B212A5A): 11
LogDevObjectVersion:   Dev-VR (D7296918-1DD6-4BDD-9DE2-64A83CC13884): 2
LogDevObjectVersion:   Dev-LoadTimes (C2A15278-BFE7-4AFE-6C17-90FF531DF755): 1
LogDevObjectVersion:   Private-Geometry (6EACA3D4-40EC-4CC1-B786-8BED09428FC5): 3
LogDevObjectVersion:   Dev-AnimPhys (29E575DD-E0A3-4627-9D10-D276232CDCEA): 17
LogDevObjectVersion:   Dev-Anim (AF43A65D-7FD3-4947-9873-3E8ED9C1BB05): 2
LogDevObjectVersion:   Dev-ReflectionCapture (6B266CEC-1EC7-4B8F-A30B-E4D90942FC07): 1
LogDevObjectVersion:   Dev-Automation (0DF73D61-A23F-47EA-B727-89E90C41499A): 1
LogDevObjectVersion:   FortniteMain (601D1886-AC64-4F84-AA16-D3DE0DEAC7D6): 25
LogDevObjectVersion:   Dev-Enterprise (9DFFBCD6-494F-0158-E221-12823C92A888): 6
LogDevObjectVersion:   Dev-Niagara (F2AED0AC-9AFE-416F-8664-AA7FFA26D6FC): 1
LogDevObjectVersion:   Dev-Destruction (174F1F0B-B4C6-45A5-B13F-2EE8D0FB917D): 2
LogInit: Presizing for max 16777216 objects, including 0 objects not considered by GC, pre-allocating 0 bytes for permanent pool.
LogInit: Object subsystem initialized
LogConfig: Setting CVar [[con.DebugEarlyDefault:1]]
LogConfig: Setting CVar [[r.setres:1280x720]]
[2020.01.18-14.32.31:931][  0]LogConfig: Setting CVar [[r.VSync:0]]
[2020.01.18-14.32.31:931][  0]LogConfig: Setting CVar [[r.RHICmdBypass:0]]
[2020.01.18-14.32.31:931][  0]LogConfig: Applying CVar settings from Section [/Script/Engine.RendererSettings] File [C:/Users/AlienBlood/Desktop/TEST/Saved/Config/Windows/Engine.ini]
[2020.01.18-14.32.31:931][  0]LogConfig: Setting CVar [[r.GPUCrashDebugging:0]]
[2020.01.18-14.32.31:931][  0]LogConfig: Setting CVar [[r.DefaultFeature.AutoExposure.ExtendDefaultLuminanceRange:1]]
[2020.01.18-14.32.31:931][  0]LogConfig: Setting CVar [[r.GenerateMeshDistanceFields:1]]
[2020.01.18-14.32.31:931][  0]LogConfig: Applying CVar settings from Section [/Script/Engine.RendererOverrideSettings] File [C:/Users/AlienBlood/Desktop/TEST/Saved/Config/Windows/Engine.ini]
[2020.01.18-14.32.31:931][  0]LogConfig: Applying CVar settings from Section [/Script/Engine.StreamingSettings] File [C:/Users/AlienBlood/Desktop/TEST/Saved/Config/Windows/Engine.ini]
[2020.01.18-14.32.31:931][  0]LogConfig: Setting CVar [[s.MinBulkDataSizeForAsyncLoading:131072]]
[2020.01.18-14.32.31:931][  0]LogConfig: Setting CVar [[s.AsyncLoadingThreadEnabled:0]]
[2020.01.18-14.32.31:931][  0]LogConfig: Setting CVar [[s.EventDrivenLoaderEnabled:1]]
[2020.01.18-14.32.31:931][  0]LogConfig: Setting CVar [[s.WarnIfTimeLimitExceeded:0]]
[2020.01.18-14.32.31:931][  0]LogConfig: Setting CVar [[s.TimeLimitExceededMultiplier:1.5]]
[2020.01.18-14.32.31:931][  0]LogConfig: Setting CVar [[s.TimeLimitExceededMinTime:0.005]]
[2020.01.18-14.32.31:931][  0]LogConfig: Setting CVar [[s.UseBackgroundLevelStreaming:1]]
[2020.01.18-14.32.31:931][  0]LogConfig: Setting CVar [[s.PriorityAsyncLoadingExtraTime:15.0]]
[2020.01.18-14.32.31:931][  0]LogConfig: Setting CVar [[s.LevelStreamingActorsUpdateTimeLimit:5.0]]
[2020.01.18-14.32.31:931][  0]LogConfig: Setting CVar [[s.PriorityLevelStreamingActorsUpdateExtraTime:5.0]]
[2020.01.18-14.32.31:931][  0]LogConfig: Setting CVar [[s.LevelStreamingComponentsRegistrationGranularity:10]]
[2020.01.18-14.32.31:932][  0]LogConfig: Setting CVar [[s.UnregisterComponentsTimeLimit:1.0]]
[2020.01.18-14.32.31:932][  0]LogConfig: Setting CVar [[s.LevelStreamingComponentsUnregistrationGranularity:5]]
[2020.01.18-14.32.31:932][  0]LogConfig: Applying CVar settings from Section [/Script/Engine.GarbageCollectionSettings] File [C:/Users/AlienBlood/Desktop/TEST/Saved/Config/Windows/Engine.ini]
[2020.01.18-14.32.31:932][  0]LogConfig: Setting CVar [[gc.MaxObjectsNotConsideredByGC:1]]
[2020.01.18-14.32.31:932][  0]LogConfig: Setting CVar [[gc.SizeOfPermanentObjectPool:0]]
[2020.01.18-14.32.31:932][  0]LogConfig: Setting CVar [[gc.FlushStreamingOnGC:0]]
[2020.01.18-14.32.31:932][  0]LogConfig: Setting CVar [[gc.NumRetriesBeforeForcingGC:10]]
[2020.01.18-14.32.31:932][  0]LogConfig: Setting CVar [[gc.AllowParallelGC:1]]
[2020.01.18-14.32.31:932][  0]LogConfig: Setting CVar [[gc.TimeBetweenPurgingPendingKillObjects:61.1]]
[2020.01.18-14.32.31:932][  0]LogConfig: Setting CVar [[gc.MaxObjectsInEditor:16777216]]
[2020.01.18-14.32.31:932][  0]LogConfig: Setting CVar [[gc.IncrementalBeginDestroyEnabled:1]]
[2020.01.18-14.32.31:932][  0]LogConfig: Setting CVar [[gc.CreateGCClusters:1]]
[2020.01.18-14.32.31:932][  0]LogConfig: Setting CVar [[gc.MinGCClusterSize:5]]
[2020.01.18-14.32.31:932][  0]LogConfig: Setting CVar [[gc.ActorClusteringEnabled:0]]
[2020.01.18-14.32.31:932][  0]LogConfig: Setting CVar [[gc.BlueprintClusteringEnabled:0]]
[2020.01.18-14.32.31:932][  0]LogConfig: Setting CVar [[gc.UseDisregardForGCOnDedicatedServers:0]]
[2020.01.18-14.32.31:932][  0]LogConfig: Applying CVar settings from Section [/Script/Engine.NetworkSettings] File [C:/Users/AlienBlood/Desktop/TEST/Saved/Config/Windows/Engine.ini]
[2020.01.18-14.32.31:932][  0]LogConfig: Applying CVar settings from Section [/Script/UnrealEd.CookerSettings] File [C:/Users/AlienBlood/Desktop/TEST/Saved/Config/Windows/Engine.ini]
[2020.01.18-14.32.31:935][  0]LogConfig: Applying CVar settings from Section [ViewDistanceQuality@3] File [C:/Users/AlienBlood/Desktop/TEST/Saved/Config/Windows/Scalability.ini]
[2020.01.18-14.32.31:935][  0]LogConfig: Setting CVar [[r.SkeletalMeshLODBias:0]]
[2020.01.18-14.32.31:935][  0]LogConfig: Setting CVar [[r.ViewDistanceScale:1.0]]
[2020.01.18-14.32.31:935][  0]LogConfig: Applying CVar settings from Section [AntiAliasingQuality@3] File [C:/Users/AlienBlood/Desktop/TEST/Saved/Config/Windows/Scalability.ini]
[2020.01.18-14.32.31:935][  0]LogConfig: Setting CVar [[r.PostProcessAAQuality:4]]
[2020.01.18-14.32.31:935][  0]LogConfig: Applying CVar settings from Section [ShadowQuality@3] File [C:/Users/AlienBlood/Desktop/TEST/Saved/Config/Windows/Scalability.ini]
[2020.01.18-14.32.31:935][  0]LogConfig: Setting CVar [[r.LightFunctionQuality:1]]
[2020.01.18-14.32.31:935][  0]LogConfig: Setting CVar [[r.ShadowQuality:5]]
[2020.01.18-14.32.31:935][  0]LogConfig: Setting CVar [[r.Shadow.CSM.MaxCascades:10]]
[2020.01.18-14.32.31:935][  0]LogConfig: Setting CVar [[r.Shadow.MaxResolution:2048]]
[2020.01.18-14.32.31:935][  0]LogConfig: Setting CVar [[r.Shadow.MaxCSMResolution:2048]]
[2020.01.18-14.32.31:935][  0]LogConfig: Setting CVar [[r.Shadow.RadiusThreshold:0.01]]
[2020.01.18-14.32.31:935][  0]LogConfig: Setting CVar [[r.Shadow.DistanceScale:1.0]]
[2020.01.18-14.32.31:935][  0]LogConfig: Setting CVar [[r.Shadow.CSM.TransitionScale:1.0]]
[2020.01.18-14.32.31:935][  0]LogConfig: Setting CVar [[r.Shadow.PreShadowResolutionFactor:1.0]]
[2020.01.18-14.32.31:935][  0]LogConfig: Setting CVar [[r.DistanceFieldShadowing:1]]
[2020.01.18-14.32.31:935][  0]LogConfig: Setting CVar [[r.DistanceFieldAO:1]]
[2020.01.18-14.32.31:935][  0]LogConfig: Setting CVar [[r.AOQuality:2]]
[2020.01.18-14.32.31:935][  0]LogConfig: Setting CVar [[r.VolumetricFog:1]]
[2020.01.18-14.32.31:935][  0]LogConfig: Setting CVar [[r.VolumetricFog.GridPixelSize:8]]
[2020.01.18-14.32.31:935][  0]LogConfig: Setting CVar [[r.VolumetricFog.GridSizeZ:128]]
[2020.01.18-14.32.31:935][  0]LogConfig: Setting CVar [[r.VolumetricFog.HistoryMissSupersampleCount:4]]
[2020.01.18-14.32.31:935][  0]LogConfig: Setting CVar [[r.LightMaxDrawDistanceScale:1]]
[2020.01.18-14.32.31:935][  0]LogConfig: Setting CVar [[r.CapsuleShadows:1]]
[2020.01.18-14.32.31:935][  0]LogConfig: Applying CVar settings from Section [PostProcessQuality@3] File [C:/Users/AlienBlood/Desktop/TEST/Saved/Config/Windows/Scalability.ini]
[2020.01.18-14.32.31:935][  0]LogConfig: Setting CVar [[r.MotionBlurQuality:4]]
[2020.01.18-14.32.31:935][  0]LogConfig: Setting CVar [[r.AmbientOcclusionMipLevelFactor:0.4]]
[2020.01.18-14.32.31:935][  0]LogConfig: Setting CVar [[r.AmbientOcclusionMaxQuality:100]]
[2020.01.18-14.32.31:935][  0]LogConfig: Setting CVar [[r.AmbientOcclusionLevels:-1]]
[2020.01.18-14.32.31:935][  0]LogConfig: Setting CVar [[r.AmbientOcclusionRadiusScale:1.0]]
[2020.01.18-14.32.31:935][  0]LogConfig: Setting CVar [[r.DepthOfFieldQuality:2]]
[2020.01.18-14.32.31:935][  0]LogConfig: Setting CVar [[r.RenderTargetPoolMin:400]]
[2020.01.18-14.32.31:935][  0]LogConfig: Setting CVar [[r.LensFlareQuality:2]]
[2020.01.18-14.32.31:935][  0]LogConfig: Setting CVar [[r.SceneColorFringeQuality:1]]
[2020.01.18-14.32.31:935][  0]LogConfig: Setting CVar [[r.EyeAdaptationQuality:2]]
[2020.01.18-14.32.31:935][  0]LogConfig: Setting CVar [[r.BloomQuality:5]]
[2020.01.18-14.32.31:935][  0]LogConfig: Setting CVar [[r.FastBlurThreshold:100]]
[2020.01.18-14.32.31:935][  0]LogConfig: Setting CVar [[r.Upscale.Quality:3]]
[2020.01.18-14.32.31:935][  0]LogConfig: Setting CVar [[r.Tonemapper.GrainQuantization:1]]
[2020.01.18-14.32.31:935][  0]LogConfig: Setting CVar [[r.LightShaftQuality:1]]
[2020.01.18-14.32.31:935][  0]LogConfig: Setting CVar [[r.Filter.SizeScale:1]]
[2020.01.18-14.32.31:935][  0]LogConfig: Setting CVar [[r.Tonemapper.Quality:5]]
[2020.01.18-14.32.31:935][  0]LogConfig: Setting CVar [[r.DOF.Gather.AccumulatorQuality:1        ; higher gathering accumulator quality]]
[2020.01.18-14.32.31:935][  0]LogConfig: Setting CVar [[r.DOF.Gather.PostfilterMethod:1          ; Median3x3 postfilering method]]
[2020.01.18-14.32.31:935][  0]LogConfig: Setting CVar [[r.DOF.Gather.EnableBokehSettings:0       ; no bokeh simulation when gathering]]
[2020.01.18-14.32.31:935][  0]LogConfig: Setting CVar [[r.DOF.Gather.RingCount:4                 ; medium number of samples when gathering]]
[2020.01.18-14.32.31:935][  0]LogConfig: Setting CVar [[r.DOF.Scatter.ForegroundCompositing:1    ; additive foreground scattering]]
[2020.01.18-14.32.31:936][  0]LogConfig: Setting CVar [[r.DOF.Scatter.BackgroundCompositing:2    ; additive background scattering]]
[2020.01.18-14.32.31:936][  0]LogConfig: Setting CVar [[r.DOF.Scatter.EnableBokehSettings:1      ; bokeh simulation when scattering]]
[2020.01.18-14.32.31:936][  0]LogConfig: Setting CVar [[r.DOF.Scatter.MaxSpriteRatio:0.1         ; only a maximum of 10% of scattered bokeh]]
[2020.01.18-14.32.31:936][  0]LogConfig: Setting CVar [[r.DOF.Recombine.Quality:1                ; cheap slight out of focus]]
[2020.01.18-14.32.31:936][  0]LogConfig: Setting CVar [[r.DOF.Recombine.EnableBokehSettings:0    ; no bokeh simulation on slight out of focus]]
[2020.01.18-14.32.31:936][  0]LogConfig: Setting CVar [[r.DOF.TemporalAAQuality:1                ; more stable temporal accumulation]]
[2020.01.18-14.32.31:936][  0]LogConfig: Setting CVar [[r.DOF.Kernel.MaxForegroundRadius:0.025]]
[2020.01.18-14.32.31:936][  0]LogConfig: Setting CVar [[r.DOF.Kernel.MaxBackgroundRadius:0.025]]
[2020.01.18-14.32.31:936][  0]LogConfig: Applying CVar settings from Section [TextureQuality@3] File [C:/Users/AlienBlood/Desktop/TEST/Saved/Config/Windows/Scalability.ini]
[2020.01.18-14.32.31:936][  0]LogConfig: Setting CVar [[r.Streaming.MipBias:0]]
[2020.01.18-14.32.31:936][  0]LogConfig: Setting CVar [[r.Streaming.AmortizeCPUToGPUCopy:0]]
[2020.01.18-14.32.31:936][  0]LogConfig: Setting CVar [[r.Streaming.MaxNumTexturesToStreamPerFrame:0]]
[2020.01.18-14.32.31:936][  0]LogConfig: Setting CVar [[r.Streaming.Boost:1]]
[2020.01.18-14.32.31:936][  0]LogConfig: Setting CVar [[r.MaxAnisotropy:8]]
[2020.01.18-14.32.31:936][  0]LogConfig: Setting CVar [[r.Streaming.LimitPoolSizeToVRAM:0]]
[2020.01.18-14.32.31:936][  0]LogConfig: Setting CVar [[r.Streaming.PoolSize:1000]]
[2020.01.18-14.32.31:936][  0]LogConfig: Setting CVar [[r.Streaming.MaxEffectiveScreenSize:0]]
[2020.01.18-14.32.31:936][  0]LogConfig: Applying CVar settings from Section [EffectsQuality@3] File [C:/Users/AlienBlood/Desktop/TEST/Saved/Config/Windows/Scalability.ini]
[2020.01.18-14.32.31:936][  0]LogConfig: Setting CVar [[r.TranslucencyLightingVolumeDim:64]]
[2020.01.18-14.32.31:936][  0]LogConfig: Setting CVar [[r.RefractionQuality:2]]
[2020.01.18-14.32.31:936][  0]LogConfig: Setting CVar [[r.SSR.Quality:3]]
[2020.01.18-14.32.31:936][  0]LogConfig: Setting CVar [[r.SceneColorFormat:4]]
[2020.01.18-14.32.31:936][  0]LogConfig: Setting CVar [[r.DetailMode:2]]
[2020.01.18-14.32.31:936][  0]LogConfig: Setting CVar [[r.TranslucencyVolumeBlur:1]]
[2020.01.18-14.32.31:936][  0]LogConfig: Setting CVar [[r.MaterialQualityLevel:1 ; High quality]]
[2020.01.18-14.32.31:936][  0]LogConfig: Setting CVar [[r.SSS.Scale:1]]
[2020.01.18-14.32.31:936][  0]LogConfig: Setting CVar [[r.SSS.SampleSet:2]]
[2020.01.18-14.32.31:936][  0]LogConfig: Setting CVar [[r.SSS.Quality:1]]
[2020.01.18-14.32.31:936][  0]LogConfig: Setting CVar [[r.SSS.HalfRes:1]]
[2020.01.18-14.32.31:936][  0]LogConfig: Setting CVar [[r.EmitterSpawnRateScale:1.0]]
[2020.01.18-14.32.31:936][  0]LogConfig: Setting CVar [[r.ParticleLightQuality:2]]
[2020.01.18-14.32.31:936][  0]LogConfig: Applying CVar settings from Section [FoliageQuality@3] File [C:/Users/AlienBlood/Desktop/TEST/Saved/Config/Windows/Scalability.ini]
[2020.01.18-14.32.31:936][  0]LogConfig: Setting CVar [[foliage.DensityScale:1.0]]
[2020.01.18-14.32.31:936][  0]LogConfig: Setting CVar [[grass.DensityScale:1.0]]
[2020.01.18-14.32.31:936][  0]LogInit: Selected Device Profile: [Windows]
[2020.01.18-14.32.31:936][  0]LogInit: Applying CVar settings loaded from the selected device profile: [Windows]
[2020.01.18-14.32.31:955][  0]LogHAL: Display: Platform has ~ 32 GB [34161127424 / 34359738368 / 32], which maps to Largest [LargestMinGB=32, LargerMinGB=12, DefaultMinGB=8, SmallerMinGB=6, SmallestMinGB=0)
[2020.01.18-14.32.31:955][  0]LogConfig: Setting CVar [[r.Vulkan.UseRealUBs:0		; Required until we fix HLR fall-out]]
[2020.01.18-14.32.31:955][  0]LogInit: Going up to parent DeviceProfile []
[2020.01.18-14.32.31:955][  0]LogConfig: Applying CVar settings from Section [ViewDistanceQuality@3] File [C:/Users/AlienBlood/Desktop/TEST/Saved/Config/Windows/Scalability.ini]
[2020.01.18-14.32.31:955][  0]LogConfig: Setting CVar [[r.SkeletalMeshLODBias:0]]
[2020.01.18-14.32.31:955][  0]LogConfig: Setting CVar [[r.ViewDistanceScale:1.0]]
[2020.01.18-14.32.31:955][  0]LogConfig: Applying CVar settings from Section [AntiAliasingQuality@3] File [C:/Users/AlienBlood/Desktop/TEST/Saved/Config/Windows/Scalability.ini]
[2020.01.18-14.32.31:955][  0]LogConfig: Setting CVar [[r.PostProcessAAQuality:4]]
[2020.01.18-14.32.31:955][  0]LogConfig: Applying CVar settings from Section [ShadowQuality@3] File [C:/Users/AlienBlood/Desktop/TEST/Saved/Config/Windows/Scalability.ini]
[2020.01.18-14.32.31:955][  0]LogConfig: Setting CVar [[r.LightFunctionQuality:1]]
[2020.01.18-14.32.31:955][  0]LogConfig: Setting CVar [[r.ShadowQuality:5]]
[2020.01.18-14.32.31:956][  0]LogConfig: Setting CVar [[r.Shadow.CSM.MaxCascades:10]]
[2020.01.18-14.32.31:956][  0]LogConfig: Setting CVar [[r.Shadow.MaxResolution:2048]]
[2020.01.18-14.32.31:956][  0]LogConfig: Setting CVar [[r.Shadow.MaxCSMResolution:2048]]
[2020.01.18-14.32.31:956][  0]LogConfig: Setting CVar [[r.Shadow.RadiusThreshold:0.01]]
[2020.01.18-14.32.31:956][  0]LogConfig: Setting CVar [[r.Shadow.DistanceScale:1.0]]
[2020.01.18-14.32.31:956][  0]LogConfig: Setting CVar [[r.Shadow.CSM.TransitionScale:1.0]]
[2020.01.18-14.32.31:956][  0]LogConfig: Setting CVar [[r.Shadow.PreShadowResolutionFactor:1.0]]
[2020.01.18-14.32.31:956][  0]LogConfig: Setting CVar [[r.DistanceFieldShadowing:1]]
[2020.01.18-14.32.31:956][  0]LogConfig: Setting CVar [[r.DistanceFieldAO:1]]
[2020.01.18-14.32.31:956][  0]LogConfig: Setting CVar [[r.AOQuality:2]]
[2020.01.18-14.32.31:956][  0]LogConfig: Setting CVar [[r.VolumetricFog:1]]
[2020.01.18-14.32.31:956][  0]LogConfig: Setting CVar [[r.VolumetricFog.GridPixelSize:8]]
[2020.01.18-14.32.31:956][  0]LogConfig: Setting CVar [[r.VolumetricFog.GridSizeZ:128]]
[2020.01.18-14.32.31:956][  0]LogConfig: Setting CVar [[r.VolumetricFog.HistoryMissSupersampleCount:4]]
[2020.01.18-14.32.31:956][  0]LogConfig: Setting CVar [[r.LightMaxDrawDistanceScale:1]]
[2020.01.18-14.32.31:956][  0]LogConfig: Setting CVar [[r.CapsuleShadows:1]]
[2020.01.18-14.32.31:956][  0]LogConfig: Applying CVar settings from Section [PostProcessQuality@3] File [C:/Users/AlienBlood/Desktop/TEST/Saved/Config/Windows/Scalability.ini]
[2020.01.18-14.32.31:956][  0]LogConfig: Setting CVar [[r.MotionBlurQuality:4]]
[2020.01.18-14.32.31:956][  0]LogConfig: Setting CVar [[r.AmbientOcclusionMipLevelFactor:0.4]]
[2020.01.18-14.32.31:956][  0]LogConfig: Setting CVar [[r.AmbientOcclusionMaxQuality:100]]
[2020.01.18-14.32.31:956][  0]LogConfig: Setting CVar [[r.AmbientOcclusionLevels:-1]]
[2020.01.18-14.32.31:956][  0]LogConfig: Setting CVar [[r.AmbientOcclusionRadiusScale:1.0]]
[2020.01.18-14.32.31:956][  0]LogConfig: Setting CVar [[r.DepthOfFieldQuality:2]]
[2020.01.18-14.32.31:956][  0]LogConfig: Setting CVar [[r.RenderTargetPoolMin:400]]
[2020.01.18-14.32.31:956][  0]LogConfig: Setting CVar [[r.LensFlareQuality:2]]
[2020.01.18-14.32.31:956][  0]LogConfig: Setting CVar [[r.SceneColorFringeQuality:1]]
[2020.01.18-14.32.31:956][  0]LogConfig: Setting CVar [[r.EyeAdaptationQuality:2]]
[2020.01.18-14.32.31:956][  0]LogConfig: Setting CVar [[r.BloomQuality:5]]
[2020.01.18-14.32.31:956][  0]LogConfig: Setting CVar [[r.FastBlurThreshold:100]]
[2020.01.18-14.32.31:956][  0]LogConfig: Setting CVar [[r.Upscale.Quality:3]]
[2020.01.18-14.32.31:956][  0]LogConfig: Setting CVar [[r.Tonemapper.GrainQuantization:1]]
[2020.01.18-14.32.31:956][  0]LogConfig: Setting CVar [[r.LightShaftQuality:1]]
[2020.01.18-14.32.31:956][  0]LogConfig: Setting CVar [[r.Filter.SizeScale:1]]
[2020.01.18-14.32.31:956][  0]LogConfig: Setting CVar [[r.Tonemapper.Quality:5]]
[2020.01.18-14.32.31:956][  0]LogConfig: Setting CVar [[r.DOF.Gather.AccumulatorQuality:1        ; higher gathering accumulator quality]]
[2020.01.18-14.32.31:956][  0]LogConfig: Setting CVar [[r.DOF.Gather.PostfilterMethod:1          ; Median3x3 postfilering method]]
[2020.01.18-14.32.31:956][  0]LogConfig: Setting CVar [[r.DOF.Gather.EnableBokehSettings:0       ; no bokeh simulation when gathering]]
[2020.01.18-14.32.31:956][  0]LogConfig: Setting CVar [[r.DOF.Gather.RingCount:4                 ; medium number of samples when gathering]]
[2020.01.18-14.32.31:956][  0]LogConfig: Setting CVar [[r.DOF.Scatter.ForegroundCompositing:1    ; additive foreground scattering]]
[2020.01.18-14.32.31:956][  0]LogConfig: Setting CVar [[r.DOF.Scatter.BackgroundCompositing:2    ; additive background scattering]]
[2020.01.18-14.32.31:956][  0]LogConfig: Setting CVar [[r.DOF.Scatter.EnableBokehSettings:1      ; bokeh simulation when scattering]]
[2020.01.18-14.32.31:956][  0]LogConfig: Setting CVar [[r.DOF.Scatter.MaxSpriteRatio:0.1         ; only a maximum of 10% of scattered bokeh]]
[2020.01.18-14.32.31:956][  0]LogConfig: Setting CVar [[r.DOF.Recombine.Quality:1                ; cheap slight out of focus]]
[2020.01.18-14.32.31:956][  0]LogConfig: Setting CVar [[r.DOF.Recombine.EnableBokehSettings:0    ; no bokeh simulation on slight out of focus]]
[2020.01.18-14.32.31:956][  0]LogConfig: Setting CVar [[r.DOF.TemporalAAQuality:1                ; more stable temporal accumulation]]
[2020.01.18-14.32.31:956][  0]LogConfig: Setting CVar [[r.DOF.Kernel.MaxForegroundRadius:0.025]]
[2020.01.18-14.32.31:956][  0]LogConfig: Setting CVar [[r.DOF.Kernel.MaxBackgroundRadius:0.025]]
[2020.01.18-14.32.31:956][  0]LogConfig: Applying CVar settings from Section [TextureQuality@3] File [C:/Users/AlienBlood/Desktop/TEST/Saved/Config/Windows/Scalability.ini]
[2020.01.18-14.32.31:956][  0]LogConfig: Setting CVar [[r.Streaming.MipBias:0]]
[2020.01.18-14.32.31:956][  0]LogConfig: Setting CVar [[r.Streaming.AmortizeCPUToGPUCopy:0]]
[2020.01.18-14.32.31:956][  0]LogConfig: Setting CVar [[r.Streaming.MaxNumTexturesToStreamPerFrame:0]]
[2020.01.18-14.32.31:956][  0]LogConfig: Setting CVar [[r.Streaming.Boost:1]]
[2020.01.18-14.32.31:956][  0]LogConfig: Setting CVar [[r.MaxAnisotropy:8]]
[2020.01.18-14.32.31:956][  0]LogConfig: Setting CVar [[r.Streaming.LimitPoolSizeToVRAM:0]]
[2020.01.18-14.32.31:956][  0]LogConfig: Setting CVar [[r.Streaming.PoolSize:1000]]
[2020.01.18-14.32.31:956][  0]LogConfig: Setting CVar [[r.Streaming.MaxEffectiveScreenSize:0]]
[2020.01.18-14.32.31:956][  0]LogConfig: Applying CVar settings from Section [EffectsQuality@3] File [C:/Users/AlienBlood/Desktop/TEST/Saved/Config/Windows/Scalability.ini]
[2020.01.18-14.32.31:956][  0]LogConfig: Setting CVar [[r.TranslucencyLightingVolumeDim:64]]
[2020.01.18-14.32.31:956][  0]LogConfig: Setting CVar [[r.RefractionQuality:2]]
[2020.01.18-14.32.31:956][  0]LogConfig: Setting CVar [[r.SSR.Quality:3]]
[2020.01.18-14.32.31:956][  0]LogConfig: Setting CVar [[r.SceneColorFormat:4]]
[2020.01.18-14.32.31:956][  0]LogConfig: Setting CVar [[r.DetailMode:2]]
[2020.01.18-14.32.31:956][  0]LogConfig: Setting CVar [[r.TranslucencyVolumeBlur:1]]
[2020.01.18-14.32.31:956][  0]LogConfig: Setting CVar [[r.MaterialQualityLevel:1 ; High quality]]
[2020.01.18-14.32.31:956][  0]LogConfig: Setting CVar [[r.SSS.Scale:1]]
[2020.01.18-14.32.31:956][  0]LogConfig: Setting CVar [[r.SSS.SampleSet:2]]
[2020.01.18-14.32.31:956][  0]LogConfig: Setting CVar [[r.SSS.Quality:1]]
[2020.01.18-14.32.31:956][  0]LogConfig: Setting CVar [[r.SSS.HalfRes:1]]
[2020.01.18-14.32.31:956][  0]LogConfig: Setting CVar [[r.EmitterSpawnRateScale:1.0]]
[2020.01.18-14.32.31:956][  0]LogConfig: Setting CVar [[r.ParticleLightQuality:2]]
[2020.01.18-14.32.31:956][  0]LogConfig: Applying CVar settings from Section [FoliageQuality@3] File [C:/Users/AlienBlood/Desktop/TEST/Saved/Config/Windows/Scalability.ini]
[2020.01.18-14.32.31:956][  0]LogConfig: Setting CVar [[foliage.DensityScale:1.0]]
[2020.01.18-14.32.31:956][  0]LogConfig: Setting CVar [[grass.DensityScale:1.0]]
[2020.01.18-14.32.31:956][  0]LogConfig: Applying CVar settings from Section [Startup] File [../../../Engine/Config/ConsoleVariables.ini]
[2020.01.18-14.32.31:957][  0]LogConfig: Setting CVar [[net.UseAdaptiveNetUpdateFrequency:0]]
[2020.01.18-14.32.31:957][  0]LogConfig: Setting CVar [[p.chaos.AllowCreatePhysxBodies:1]]
[2020.01.18-14.32.31:957][  0]LogConfig: Applying CVar settings from Section [ConsoleVariables] File [C:/Users/AlienBlood/Desktop/TEST/Saved/Config/Windows/Engine.ini]
[2020.01.18-14.32.31:957][  0]LogInit: Computer: ALIENVIRUS
[2020.01.18-14.32.31:957][  0]LogInit: User: AlienBlood
[2020.01.18-14.32.31:957][  0]LogInit: CPU Page size=4096, Cores=6
[2020.01.18-14.32.31:957][  0]LogInit: High frequency timer resolution =10.000000 MHz
[2020.01.18-14.32.31:957][  0]LogMemory: Memory total: Physical=31.8GB (32GB approx)
[2020.01.18-14.32.31:957][  0]LogMemory: Platform Memory Stats for Windows
[2020.01.18-14.32.31:957][  0]LogMemory: Process Physical Memory: 97.30 MB used, 97.31 MB peak
[2020.01.18-14.32.31:957][  0]LogMemory: Process Virtual Memory: 89.95 MB used, 89.95 MB peak
[2020.01.18-14.32.31:957][  0]LogMemory: Physical Memory: 12703.14 MB used,  19875.45 MB free, 32578.59 MB total
[2020.01.18-14.32.31:957][  0]LogMemory: Virtual Memory: 4660.66 MB used,  134213064.00 MB free, 134217728.00 MB total
[2020.01.18-14.32.31:996][  0]LogInit: Using OS detected language (en-US).
[2020.01.18-14.32.31:996][  0]LogInit: Using OS detected locale (en-US).
[2020.01.18-14.32.31:997][  0]LogTextLocalizationManager: No specific localization for 'en-US' exists, so the 'en' localization will be used.
[2020.01.18-14.32.32:127][  0]LogInit: Setting process to per monitor DPI aware
[2020.01.18-14.32.32:184][  0]LogSlate: New Slate User Created.  User Index 0, Is Virtual User: 0
[2020.01.18-14.32.32:184][  0]LogSlate: Slate User Registered.  User Index 0, Is Virtual User: 0
[2020.01.18-14.32.32:430][  0]LogHMD: Failed to initialize OpenVR with code 110
[2020.01.18-14.32.32:430][  0]LogD3D11RHI: D3D11 adapters:
[2020.01.18-14.32.32:497][  0]LogD3D11RHI:    0. 'NVIDIA GeForce GTX 1080' (Feature Level 11_0)
[2020.01.18-14.32.32:497][  0]LogD3D11RHI:       8079/0/16289 MB DedicatedVideo/DedicatedSystem/SharedSystem, Outputs:1, VendorId:0x10de
[2020.01.18-14.32.32:536][  0]LogD3D11RHI:    1. 'Intel(R) UHD Graphics 630' (Feature Level 11_0)
[2020.01.18-14.32.32:536][  0]LogD3D11RHI:       128/0/16289 MB DedicatedVideo/DedicatedSystem/SharedSystem, Outputs:0, VendorId:0x8086
[2020.01.18-14.32.32:540][  0]LogD3D11RHI:    2. 'Microsoft Basic Render Driver' (Feature Level 11_0)
[2020.01.18-14.32.32:540][  0]LogD3D11RHI:       0/0/16289 MB DedicatedVideo/DedicatedSystem/SharedSystem, Outputs:0, VendorId:0x1414
[2020.01.18-14.32.32:540][  0]LogD3D11RHI: Chosen D3D11 Adapter: 0
[2020.01.18-14.32.32:548][  0]LogD3D11RHI: Creating new Direct3DDevice
[2020.01.18-14.32.32:548][  0]LogD3D11RHI:     GPU DeviceId: 0x1b80 (for the marketing name, search the web for "GPU Device Id")
[2020.01.18-14.32.32:548][  0]LogWindows: EnumDisplayDevices:
[2020.01.18-14.32.32:548][  0]LogWindows:    0. 'NVIDIA GeForce GTX 1080' (P:1 D:1)
[2020.01.18-14.32.32:549][  0]LogWindows:    1. 'NVIDIA GeForce GTX 1080' (P:0 D:0)
[2020.01.18-14.32.32:550][  0]LogWindows:    2. 'NVIDIA GeForce GTX 1080' (P:0 D:0)
[2020.01.18-14.32.32:554][  0]LogWindows:    3. 'NVIDIA GeForce GTX 1080' (P:0 D:0)
[2020.01.18-14.32.32:556][  0]LogWindows:    4. 'Intel(R) UHD Graphics 630' (P:0 D:0)
[2020.01.18-14.32.32:557][  0]LogWindows:    5. 'Intel(R) UHD Graphics 630' (P:0 D:0)
[2020.01.18-14.32.32:559][  0]LogWindows:    6. 'Intel(R) UHD Graphics 630' (P:0 D:0)
[2020.01.18-14.32.32:561][  0]LogWindows: DebugString: PrimaryIsNotTheChoosenAdapter PrimaryIsNotTheChoosenAdapter PrimaryIsNotTheChoosenAdapter FoundDriverCount:4 
[2020.01.18-14.32.32:561][  0]LogD3D11RHI:     Adapter Name: NVIDIA GeForce GTX 1080
[2020.01.18-14.32.32:561][  0]LogD3D11RHI:   Driver Version: 441.87 (internal:26.21.14.4187, unified:441.87)
[2020.01.18-14.32.32:561][  0]LogD3D11RHI:      Driver Date: 12-24-2019
[2020.01.18-14.32.32:561][  0]LogRHI: Texture pool is 5655 MB (70% of 8079 MB)
[2020.01.18-14.32.32:629][  0]LogD3D11RHI: Async texture creation enabled
[2020.01.18-14.32.32:649][  0]LogRendererCore: FGlobalReadBuffer::InitRHI
[2020.01.18-14.32.32:649][  0]LogRendererCore: FGlobalReadBuffer::InitRHI
[2020.01.18-14.32.32:649][  0]LogRendererCore: FGlobalReadBuffer::InitRHI
[2020.01.18-14.32.32:658][  0]LogD3D11RHI: GPU Timing Frequency: 1000.000000 (Debug: 2 1)
[2020.01.18-14.32.33:057][  0]LogTemp: Display: Module 'AllDesktopTargetPlatform' loaded TargetPlatform 'AllDesktop'
[2020.01.18-14.32.33:070][  0]LogTemp: Display: Module 'MacClientTargetPlatform' loaded TargetPlatform 'MacClient'
[2020.01.18-14.32.33:083][  0]LogTemp: Display: Module 'MacNoEditorTargetPlatform' loaded TargetPlatform 'MacNoEditor'
[2020.01.18-14.32.33:098][  0]LogTemp: Display: Module 'MacServerTargetPlatform' loaded TargetPlatform 'MacServer'
[2020.01.18-14.32.33:111][  0]LogTemp: Display: Module 'MacTargetPlatform' loaded TargetPlatform 'Mac'
[2020.01.18-14.32.33:128][  0]LogTemp: Display: Module 'WindowsClientTargetPlatform' loaded TargetPlatform 'WindowsClient'
[2020.01.18-14.32.33:142][  0]LogTemp: Display: Module 'WindowsNoEditorTargetPlatform' loaded TargetPlatform 'WindowsNoEditor'
[2020.01.18-14.32.33:156][  0]LogTemp: Display: Module 'WindowsServerTargetPlatform' loaded TargetPlatform 'WindowsServer'
[2020.01.18-14.32.33:163][  0]LogTemp: Display: Module 'WindowsTargetPlatform' loaded TargetPlatform 'Windows'
[2020.01.18-14.32.33:247][  0]LogTemp: Display: Module 'AndroidTargetPlatform' loaded TargetPlatform 'Android'
[2020.01.18-14.32.33:247][  0]LogTemp: Display: Module 'AndroidTargetPlatform' loaded TargetPlatform 'Android_ASTC'
[2020.01.18-14.32.33:247][  0]LogTemp: Display: Module 'AndroidTargetPlatform' loaded TargetPlatform 'Android_ATC'
[2020.01.18-14.32.33:247][  0]LogTemp: Display: Module 'AndroidTargetPlatform' loaded TargetPlatform 'Android_DXT'
[2020.01.18-14.32.33:247][  0]LogTemp: Display: Module 'AndroidTargetPlatform' loaded TargetPlatform 'Android_ETC1'
[2020.01.18-14.32.33:247][  0]LogTemp: Display: Module 'AndroidTargetPlatform' loaded TargetPlatform 'Android_ETC1a'
[2020.01.18-14.32.33:247][  0]LogTemp: Display: Module 'AndroidTargetPlatform' loaded TargetPlatform 'Android_ETC2'
[2020.01.18-14.32.33:247][  0]LogTemp: Display: Module 'AndroidTargetPlatform' loaded TargetPlatform 'Android_PVRTC'
[2020.01.18-14.32.33:247][  0]LogTemp: Display: Module 'AndroidTargetPlatform' loaded TargetPlatform 'AndroidClient'
[2020.01.18-14.32.33:247][  0]LogTemp: Display: Module 'AndroidTargetPlatform' loaded TargetPlatform 'Android_ASTCClient'
[2020.01.18-14.32.33:247][  0]LogTemp: Display: Module 'AndroidTargetPlatform' loaded TargetPlatform 'Android_ATCClient'
[2020.01.18-14.32.33:247][  0]LogTemp: Display: Module 'AndroidTargetPlatform' loaded TargetPlatform 'Android_DXTClient'
[2020.01.18-14.32.33:247][  0]LogTemp: Display: Module 'AndroidTargetPlatform' loaded TargetPlatform 'Android_ETC1Client'
[2020.01.18-14.32.33:247][  0]LogTemp: Display: Module 'AndroidTargetPlatform' loaded TargetPlatform 'Android_ETC1aClient'
[2020.01.18-14.32.33:247][  0]LogTemp: Display: Module 'AndroidTargetPlatform' loaded TargetPlatform 'Android_ETC2Client'
[2020.01.18-14.32.33:247][  0]LogTemp: Display: Module 'AndroidTargetPlatform' loaded TargetPlatform 'Android_PVRTCClient'
[2020.01.18-14.32.33:247][  0]LogTemp: Display: Module 'AndroidTargetPlatform' loaded TargetPlatform 'Android_Multi'
[2020.01.18-14.32.33:247][  0]LogTemp: Display: Module 'AndroidTargetPlatform' loaded TargetPlatform 'Android_MultiClient'
[2020.01.18-14.32.33:250][  0]LogTemp: Display: Module 'HTML5TargetPlatform' loaded TargetPlatform 'HTML5'
[2020.01.18-14.32.33:302][  0]LogTemp: Display: Module 'IOSTargetPlatform' loaded TargetPlatform 'IOSClient'
[2020.01.18-14.32.33:302][  0]LogTemp: Display: Module 'IOSTargetPlatform' loaded TargetPlatform 'IOS'
[2020.01.18-14.32.33:327][  0]LogTemp: Display: Module 'TVOSTargetPlatform' loaded TargetPlatform 'TVOSClient'
[2020.01.18-14.32.33:327][  0]LogTemp: Display: Module 'TVOSTargetPlatform' loaded TargetPlatform 'TVOS'
[2020.01.18-14.32.33:339][  0]LogTemp: Display: Module 'LinuxClientTargetPlatform' loaded TargetPlatform 'LinuxClient'
[2020.01.18-14.32.33:356][  0]LogTemp: Display: Module 'LinuxNoEditorTargetPlatform' loaded TargetPlatform 'LinuxNoEditor'
[2020.01.18-14.32.33:369][  0]LogTemp: Display: Module 'LinuxServerTargetPlatform' loaded TargetPlatform 'LinuxServer'
[2020.01.18-14.32.33:388][  0]LogTemp: Display: Module 'LinuxTargetPlatform' loaded TargetPlatform 'Linux'
[2020.01.18-14.32.33:430][  0]LogTemp: Display: Module 'LuminTargetPlatform' loaded TargetPlatform 'Lumin'
[2020.01.18-14.32.33:430][  0]LogTemp: Display: Module 'LuminTargetPlatform' loaded TargetPlatform 'LuminClient'
[2020.01.18-14.32.33:430][  0]LogTargetPlatformManager: Display: Building Assets For Windows
[2020.01.18-14.32.33:442][  0]LogAudioDebug: Display: Lib vorbis DLL was dynamically loaded.
[2020.01.18-14.32.33:511][  0]LogShaderCompilers: Guid format shader working directory is 3 characters bigger than the processId version (../../../../../../Users/AlienBlood/Desktop/TEST/Intermediate/Shaders/WorkingDirectory/22984/).
[2020.01.18-14.32.33:511][  0]LogShaderCompilers: Cleaned the shader compiler working directory 'C:/Users/AlienBlood/AppData/Local/Temp/UnrealShaderWorkingDir/8A2900B24AA349818B27BF964C170387/'.
[2020.01.18-14.32.33:513][  0]LogXGEController: Cleaning working directory: C:/Users/AlienBlood/AppData/Local/Temp/UnrealXGEWorkingDir/
[2020.01.18-14.32.33:513][  0]LogXGEController: Cannot use XGE Controller as Incredibuild is not installed on this machine.
[2020.01.18-14.32.33:513][  0]LogShaderCompilers: Cannot use XGE Shader Compiler as Incredibuild is not installed on this machine.
[2020.01.18-14.32.33:513][  0]LogShaderCompilers: Display: Using Local Shader Compiler.
[2020.01.18-14.32.33:998][  0]LogDerivedDataCache: Display: Max Cache Size: 512 MB
[2020.01.18-14.32.34:036][  0]LogDerivedDataCache: Loaded boot cache 0.04s 73MB C:/Users/AlienBlood/AppData/Local/UnrealEngine/4.22/DerivedDataCache/Boot.ddc.
[2020.01.18-14.32.34:036][  0]LogDerivedDataCache: Display: Loaded Boot cache: C:/Users/AlienBlood/AppData/Local/UnrealEngine/4.22/DerivedDataCache/Boot.ddc
[2020.01.18-14.32.34:036][  0]LogDerivedDataCache: FDerivedDataBackendGraph:  Pak pak cache file ../../../../../../Users/AlienBlood/Desktop/TEST/DerivedDataCache/DDC.ddp not found, will not use a pak cache.
[2020.01.18-14.32.34:036][  0]LogDerivedDataCache: Unable to find inner node Pak for hierarchical cache Hierarchy.
[2020.01.18-14.32.34:036][  0]LogDerivedDataCache: FDerivedDataBackendGraph:  CompressedPak pak cache file ../../../../../../Users/AlienBlood/Desktop/TEST/DerivedDataCache/Compressed.ddp not found, will not use a pak cache.
[2020.01.18-14.32.34:036][  0]LogDerivedDataCache: Unable to find inner node CompressedPak for hierarchical cache Hierarchy.
[2020.01.18-14.32.34:046][  0]LogDerivedDataCache: Display: Pak cache opened for reading ../../../Engine/DerivedDataCache/Compressed.ddp.
[2020.01.18-14.32.34:049][  0]LogDerivedDataCache: Display: Pak cache opened for reading ../../../Enterprise/DerivedDataCache/Compressed.ddp.
[2020.01.18-14.32.34:061][  0]LogDerivedDataCache: Using Local data cache path C:/Users/AlienBlood/AppData/Local/UnrealEngine/Common/DerivedDataCache: Writable
[2020.01.18-14.32.34:061][  0]LogDerivedDataCache: Shared data cache path not found in *engine.ini, will not use an Shared cache.
[2020.01.18-14.32.34:061][  0]LogDerivedDataCache: Unable to find inner node Shared for hierarchical cache Hierarchy.
[2020.01.18-14.32.34:079][  0]LogMaterial: Verifying Global Shaders for PCD3D_SM5
[2020.01.18-14.32.34:080][  0]LogSlate: Using FreeType 2.6.0
[2020.01.18-14.32.34:081][  0]LogSlate: SlateFontServices - WITH_FREETYPE: 1, WITH_HARFBUZZ: 1
[2020.01.18-14.32.34:167][  0]LogAssetRegistry: FAssetRegistry took 0.0324 seconds to start up
[2020.01.18-14.32.34:501][  0]LogInit: Selected Device Profile: [Windows]
[2020.01.18-14.32.34:630][  0]LogMeshReduction: Using QuadricMeshReduction for automatic static mesh reduction
[2020.01.18-14.32.34:630][  0]LogMeshReduction: Using SimplygonMeshReduction for automatic skeletal mesh reduction
[2020.01.18-14.32.34:630][  0]LogMeshReduction: Using ProxyLODMeshReduction for automatic mesh merging
[2020.01.18-14.32.34:630][  0]LogMeshReduction: No distributed automatic mesh merging module available
[2020.01.18-14.32.34:630][  0]LogMeshMerging: No distributed automatic mesh merging module available
[2020.01.18-14.32.34:641][  0]LogNetVersion: RustyRiot 1.0.0, NetCL: 5660361, EngineNetVer: 10, GameNetVer: 0 (Checksum: 181775691)
[2020.01.18-14.32.35:019][  0]LogPackageLocalizationCache: Processed 11 localized package path(s) for 1 prioritized culture(s) in 0.050637 seconds
[2020.01.18-14.32.35:025][  0]LogUObjectArray: 42205 objects as part of root set at end of initial load.
[2020.01.18-14.32.35:025][  0]LogUObjectAllocator: 7325032 out of 0 bytes used by permanent object pool.
[2020.01.18-14.32.35:025][  0]LogUObjectArray: CloseDisregardForGC: 0/0 objects in disregard for GC pool
[2020.01.18-14.32.36:008][  0]LogSubstanceCoreModule: Substance [CPU] Engine Loaded, Max Texture Size = 2048
[2020.01.18-14.32.36:015][  0]LogTcpMessaging: Initializing TcpMessaging bridge
[2020.01.18-14.32.36:030][  0]LogUdpMessaging: Initializing bridge on interface 0.0.0.0:0 to multicast group 230.0.0.1:6666.
[2020.01.18-14.32.36:158][  0]SourceControl: Source control is disabled
[2020.01.18-14.32.36:158][  0]SourceControl: Source control is disabled
[2020.01.18-14.32.36:161][  0]SourceControl: Source control is disabled
[2020.01.18-14.32.36:163][  0]SourceControl: Source control is disabled
[2020.01.18-14.32.36:284][  0]LogAndroidPermission: UAndroidPermissionCallbackProxy::GetInstance
[2020.01.18-14.32.36:479][  0]LogOcInput: OculusInput pre-init called
[2020.01.18-14.32.37:270][  0]LogEngine: Initializing Engine...
[2020.01.18-14.32.37:271][  0]LogHMD: Failed to initialize OpenVR with code 110
[2020.01.18-14.32.37:272][  0]LogStats: UGameplayTagsManager::InitializeManager -  0.000 s
[2020.01.18-14.32.37:447][  0]LogInit: Initializing FReadOnlyCVARCache
[2020.01.18-14.32.37:458][  0]LogAIModule: Creating AISystem for world Untitled
[2020.01.18-14.32.37:515][  0]LogInit: XAudio2 using 'Speakers (Logitech USB Speaker)' : 2 channels at 48 kHz using 16 bits per sample (channel mask 0x3)
[2020.01.18-14.32.37:561][  0]LogInit: FAudioDevice initialized.
[2020.01.18-14.32.37:562][  0]LogNetVersion: Set ProjectVersion to 0.0.01.00. Version Checksum will be recalculated on next use.
[2020.01.18-14.32.37:596][  0]LogDerivedDataCache: Saved boot cache 0.03s 73MB C:/Users/AlienBlood/AppData/Local/UnrealEngine/4.22/DerivedDataCache/Boot.ddc.
[2020.01.18-14.32.37:604][  0]LogInit: Texture streaming: Enabled
[2020.01.18-14.32.37:622][  0]LogEngineSessionManager: EngineSessionManager initialized
[2020.01.18-14.32.37:646][  0]LogInit: Transaction tracking system initialized
[2020.01.18-14.32.37:667][  0]BlueprintLog: New page: Editor Load
[2020.01.18-14.32.37:748][  0]LocalizationService: Localization service is disabled
[2020.01.18-14.32.37:859][  0]LogLinker: Warning: Can't find file '/Game/VehicleBP/VehicleOverview'
[2020.01.18-14.32.37:859][  0]LogLinker: Warning: Can't find file '/Game/VehicleBP/VehicleOverview'
[2020.01.18-14.32.37:859][  0]LogUObjectGlobals: Warning: Failed to find object 'Class /Game/VehicleBP/VehicleOverview.VehicleOverview_C'
[2020.01.18-14.32.38:069][  0]LogFileCache: Scanning file cache for directory 'C:/Users/AlienBlood/Desktop/TEST/Content/' took 0.03s
[2020.01.18-14.32.38:069][  0]LogCook: Display: Max memory allowance for cook 16384mb min free memory 0mb
[2020.01.18-14.32.38:069][  0]LogCook: Display: Mobile HDR setting 1
[2020.01.18-14.32.38:255][  0]SourceControl: Source control is disabled
[2020.01.18-14.32.38:255][  0]Cmd: MAP LOAD FILE="../../../../../../Users/AlienBlood/Desktop/TEST/Content/Levels/L_LD_JAB.umap" TEMPLATE=0 SHOWPROGRESS=1 FEATURELEVEL=3
[2020.01.18-14.32.38:255][  0]LightingResults: New page: Lighting Build
[2020.01.18-14.32.38:257][  0]MapCheck: New page: Map Check
[2020.01.18-14.32.38:257][  0]LightingResults: New page: Lighting Build
[2020.01.18-14.32.38:278][  0]LogUObjectHash: Compacting FUObjectHashTables data took   1.24ms
[2020.01.18-14.32.38:560][  0]LogLinker: Warning: Can't find file '/Game/Levels/L_LD_JAB_BuiltData'
[2020.01.18-14.32.38:561][  0]LogLinker: Warning: Can't find file for asset '/Game/Levels/L_LD_JAB_BuiltData' while loading NULL.
[2020.01.18-14.32.38:608][  0]LogLinker: Warning: Can't find file '/Game/Levels/L_LD_JAB_BuiltData'
[2020.01.18-14.32.38:609][  0]LogLinker: Warning: Can't find file for asset '/Game/Levels/L_LD_JAB_BuiltData' while loading NULL.
[2020.01.18-14.32.38:617][  0]LogLinker: Warning: Can't find file '/Game/Levels/L_LD_JAB_BuiltData'
[2020.01.18-14.32.38:617][  0]LogLinker: Warning: Can't find file for asset '/Game/Levels/L_LD_JAB_BuiltData' while loading NULL.
[2020.01.18-14.32.38:618][  0]LogLinker: Warning: Can't find file '/Game/Levels/L_LD_JAB_BuiltData'
[2020.01.18-14.32.38:618][  0]LogLinker: Warning: Can't find file for asset '/Game/Levels/L_LD_JAB_BuiltData' while loading NULL.
[2020.01.18-14.32.38:637][  0]LogLinker: Warning: Can't find file '/Game/Levels/L_LD_JAB_BuiltData'
[2020.01.18-14.32.38:638][  0]LoadErrors: Failed to load /Game/Levels/L_LD_JAB_BuiltData.L_LD_JAB_BuiltData Referenced by PersistentLevel
[2020.01.18-14.32.38:638][  0]LogLinker: Warning: Can't find file for asset '/Game/Levels/L_LD_JAB_BuiltData' while loading NULL.
[2020.01.18-14.32.38:898][  0]LogAIModule: Creating AISystem for world L_LD_JAB
[2020.01.18-14.32.38:915][  0]LogStreaming: Display: ULevelStreaming::RequestLevel(/Game/Levels/WL_Lighting) is flushing async loading
[2020.01.18-14.32.38:915][  0]LogStreaming: Display: Flushing async loaders.
[2020.01.18-14.32.38:957][  0]LogLinker: Warning: Can't find file '/Game/Levels/WL_Lighting_BuiltData'
[2020.01.18-14.32.38:958][  0]LogLinker: Warning: Can't find file for asset '/Game/Levels/WL_Lighting_BuiltData' while loading NULL.
[2020.01.18-14.32.38:960][  0]LogLinker: Warning: Can't find file '/Game/Levels/WL_Lighting_BuiltData'
[2020.01.18-14.32.38:961][  0]LogLinker: Warning: Can't find file for asset '/Game/Levels/WL_Lighting_BuiltData' while loading NULL.
[2020.01.18-14.32.38:962][  0]LogLinker: Warning: Can't find file '/Game/Levels/WL_Lighting_BuiltData'
[2020.01.18-14.32.38:963][  0]LogLinker: Warning: Can't find file for asset '/Game/Levels/WL_Lighting_BuiltData' while loading NULL.
[2020.01.18-14.32.38:963][  0]LogLinker: Warning: Can't find file '/Game/Levels/WL_Lighting_BuiltData'
[2020.01.18-14.32.38:963][  0]LogLinker: Warning: Can't find file for asset '/Game/Levels/WL_Lighting_BuiltData' while loading NULL.
[2020.01.18-14.32.38:964][  0]LogLinker: Warning: Can't find file '/Game/Levels/WL_Lighting_BuiltData'
[2020.01.18-14.32.38:964][  0]LogLinker: Warning: Can't find file for asset '/Game/Levels/WL_Lighting_BuiltData' while loading NULL.
[2020.01.18-14.32.38:964][  0]LogLinker: Warning: Can't find file '/Game/Levels/WL_Lighting_BuiltData'
[2020.01.18-14.32.38:965][  0]LogLinker: Warning: Can't find file for asset '/Game/Levels/WL_Lighting_BuiltData' while loading NULL.
[2020.01.18-14.32.38:966][  0]LogLinker: Warning: Can't find file '/Game/Levels/WL_Lighting_BuiltData'
[2020.01.18-14.32.38:966][  0]LoadErrors: Failed to load /Game/Levels/WL_Lighting_BuiltData.WL_Lighting_BuiltData Referenced by PersistentLevel
[2020.01.18-14.32.38:967][  0]LogLinker: Warning: Can't find file for asset '/Game/Levels/WL_Lighting_BuiltData' while loading NULL.
[2020.01.18-14.32.38:995][  0]LogEditorServer: Finished looking for orphan Actors (0.000 secs)
[2020.01.18-14.32.39:024][  0]LogUObjectHash: Compacting FUObjectHashTables data took   2.16ms
[2020.01.18-14.32.39:024][  0]Cmd: MAP CHECKDEP NOCLEARLOG
[2020.01.18-14.32.39:024][  0]MapCheck: Map check complete: 0 Error(s), 0 Warning(s), took 0.384ms to complete.
[2020.01.18-14.32.39:024][  0]LogFileHelpers: Loading map 'L_LD_JAB' took 0.770
[2020.01.18-14.32.39:181][  0]LogSlate: Updating window title bar state: overlay mode, drag disabled, window buttons hidden, title bar hidden
[2020.01.18-14.32.39:187][  0]LogSlate: Updating window title bar state: overlay mode, drag disabled, window buttons hidden, title bar hidden
[2020.01.18-14.32.39:196][  0]LogSlate: Updating window title bar state: overlay mode, drag disabled, window buttons hidden, title bar hidden
[2020.01.18-14.32.39:203][  0]LogSlate: Updating window title bar state: overlay mode, drag disabled, window buttons hidden, title bar hidden
[2020.01.18-14.32.39:208][  0]LogCollectionManager: Loaded 0 collections in 0.001592 seconds
[2020.01.18-14.32.39:223][  0]LogFileCache: Scanning file cache for directory 'C:/Users/AlienBlood/Desktop/TEST/Saved/Collections/' took 0.01s
[2020.01.18-14.32.39:223][  0]LogFileCache: Scanning file cache for directory 'C:/Users/AlienBlood/Desktop/TEST/Content/Developers/AlienBlood/Collections/' took 0.00s
[2020.01.18-14.32.39:223][  0]LogFileCache: Scanning file cache for directory 'C:/Users/AlienBlood/Desktop/TEST/Content/Collections/' took 0.00s
[2020.01.18-14.32.39:223][  0]LogCollectionManager: Rebuilt the GUID cache for 0 collections in 0.000000 seconds
[2020.01.18-14.32.39:230][  0]LogContentBrowser: Native class hierarchy populated in 0.0066 seconds. Added 2756 classes and 673 folders.
[2020.01.18-14.32.39:234][  0]LogContentBrowser: Native class hierarchy updated for 'WidgetCarousel' in 0.0002 seconds. Added 0 classes and 0 folders.
[2020.01.18-14.32.39:237][  0]LogPakFile: Registered encryption key '00000000000000000000000000000000': 0 pak files mounted, 0 remain pending
[2020.01.18-14.32.39:237][  0]LogPakFile: Registered encryption key '00000000000000000000000000000000': 0 pak files mounted, 0 remain pending
[2020.01.18-14.32.39:238][  0]LogPakFile: Registered encryption key '00000000000000000000000000000000': 0 pak files mounted, 0 remain pending
[2020.01.18-14.32.39:239][  0]LogPakFile: Registered encryption key '00000000000000000000000000000000': 0 pak files mounted, 0 remain pending
[2020.01.18-14.32.39:239][  0]LogPakFile: Registered encryption key '00000000000000000000000000000000': 0 pak files mounted, 0 remain pending
[2020.01.18-14.32.39:240][  0]LogPakFile: Registered encryption key '00000000000000000000000000000000': 0 pak files mounted, 0 remain pending
[2020.01.18-14.32.39:241][  0]LogPakFile: Registered encryption key '00000000000000000000000000000000': 0 pak files mounted, 0 remain pending
[2020.01.18-14.32.39:241][  0]LogPakFile: Registered encryption key '00000000000000000000000000000000': 0 pak files mounted, 0 remain pending
[2020.01.18-14.32.39:242][  0]LogPakFile: Registered encryption key '00000000000000000000000000000000': 0 pak files mounted, 0 remain pending
[2020.01.18-14.32.39:243][  0]LogPakFile: Registered encryption key '00000000000000000000000000000000': 0 pak files mounted, 0 remain pending
[2020.01.18-14.32.39:243][  0]LogPakFile: Registered encryption key '00000000000000000000000000000000': 0 pak files mounted, 0 remain pending
[2020.01.18-14.32.39:244][  0]LogPakFile: Registered encryption key '00000000000000000000000000000000': 0 pak files mounted, 0 remain pending
[2020.01.18-14.32.39:245][  0]LogPakFile: Registered encryption key '00000000000000000000000000000000': 0 pak files mounted, 0 remain pending
[2020.01.18-14.32.39:245][  0]LogPakFile: Registered encryption key '00000000000000000000000000000000': 0 pak files mounted, 0 remain pending
[2020.01.18-14.32.39:246][  0]LogPakFile: Registered encryption key '00000000000000000000000000000000': 0 pak files mounted, 0 remain pending
[2020.01.18-14.32.39:247][  0]LogPakFile: Registered encryption key '00000000000000000000000000000000': 0 pak files mounted, 0 remain pending
[2020.01.18-14.32.39:247][  0]LogPakFile: Registered encryption key '00000000000000000000000000000000': 0 pak files mounted, 0 remain pending
[2020.01.18-14.32.39:248][  0]LogPakFile: Registered encryption key '00000000000000000000000000000000': 0 pak files mounted, 0 remain pending
[2020.01.18-14.32.39:249][  0]LogPakFile: Registered encryption key '00000000000000000000000000000000': 0 pak files mounted, 0 remain pending
[2020.01.18-14.32.39:249][  0]LogPakFile: Registered encryption key '00000000000000000000000000000000': 0 pak files mounted, 0 remain pending
[2020.01.18-14.32.39:250][  0]LogPakFile: Registered encryption key '00000000000000000000000000000000': 0 pak files mounted, 0 remain pending
[2020.01.18-14.32.39:251][  0]LogPakFile: Registered encryption key '00000000000000000000000000000000': 0 pak files mounted, 0 remain pending
[2020.01.18-14.32.39:251][  0]LogPakFile: Registered encryption key '00000000000000000000000000000000': 0 pak files mounted, 0 remain pending
[2020.01.18-14.32.39:252][  0]LogPakFile: Registered encryption key '00000000000000000000000000000000': 0 pak files mounted, 0 remain pending
[2020.01.18-14.32.39:253][  0]LogPakFile: Registered encryption key '00000000000000000000000000000000': 0 pak files mounted, 0 remain pending
[2020.01.18-14.32.39:254][  0]LogPakFile: Registered encryption key '00000000000000000000000000000000': 0 pak files mounted, 0 remain pending
[2020.01.18-14.32.39:254][  0]LogPakFile: Registered encryption key '00000000000000000000000000000000': 0 pak files mounted, 0 remain pending
[2020.01.18-14.32.39:255][  0]LogPakFile: Registered encryption key '00000000000000000000000000000000': 0 pak files mounted, 0 remain pending
[2020.01.18-14.32.39:302][  0]LogContentBrowser: Native class hierarchy updated for 'AddContentDialog' in 0.0002 seconds. Added 0 classes and 0 folders.
[2020.01.18-14.32.39:307][  0]LogContentBrowser: Native class hierarchy updated for 'SceneOutliner' in 0.0002 seconds. Added 1 classes and 2 folders.
[2020.01.18-14.32.39:321][  0]LogSlate: Took 0.000185 seconds to synchronously load lazily loaded font '../../../Engine/Content/Slate/Fonts/Roboto-Regular.ttf' (155K)
[2020.01.18-14.32.39:322][  0]LogSlate: Took 0.000164 seconds to synchronously load lazily loaded font '../../../Engine/Content/Slate/Fonts/Roboto-Bold.ttf' (160K)
[2020.01.18-14.32.39:325][  0]LogSlate: Took 0.000161 seconds to synchronously load lazily loaded font '../../../Engine/Content/Editor/Slate/Fonts/FontAwesome.ttf' (139K)
[2020.01.18-14.32.39:384][  0]LogRenderer: Reallocating scene render targets to support 1616x808 Format 10 NumSamples 1 (Frame:1).
[2020.01.18-14.32.39:504][  0]LogContentBrowser: Native class hierarchy updated for 'HierarchicalLODOutliner' in 0.0002 seconds. Added 0 classes and 0 folders.
[2020.01.18-14.32.39:505][  0]LogLoad: (Engine Initialization) Total time: 10.08 seconds
[2020.01.18-14.32.39:505][  0]LogLoad: (Engine Initialization) Total Blueprint compile time: 0.00 seconds
[2020.01.18-14.32.39:537][  0]LogAssetRegistry: Asset discovery search completed in 5.3929 seconds
[2020.01.18-14.32.39:539][  0]LogCollectionManager: Rebuilt the object cache for 0 collections in 0.000000 seconds (found 0 objects)
[2020.01.18-14.32.39:539][  0]LogCollectionManager: Fixed up redirectors for 0 collections in 0.000033 seconds (updated 0 objects)
[2020.01.18-14.32.39:540][  0]LogContentStreaming: Texture pool size now 1000 MB
[2020.01.18-14.32.39:550][  0]LogSlate: FSceneViewport::OnFocusLost() reason 2
[2020.01.18-14.32.39:601][  1]LogSubstanceLiveLink: Warning: Unable to send data along socket, closing connection
[2020.01.18-14.32.41:100][128]LogSlate: Window 'Message Log' being destroyed
[2020.01.18-14.32.41:105][128]LogSlate: Window 'Message Log' being destroyed
[2020.01.18-14.32.46:008][544]LogSlate: FSceneViewport::OnFocusLost() reason 0
[2020.01.18-14.33.03:346][147]LogSlate: Took 0.000222 seconds to synchronously load lazily loaded font '../../../Engine/Content/Slate/Fonts/Roboto-Light.ttf' (167K)
[2020.01.18-14.33.04:316][147]LogAIModule: Creating AISystem for world L_HD_HWL
[2020.01.18-14.33.04:362][147]LogAssetEditorManager: Opening Asset editor for World /Game/Levels/L_HD_HWL.L_HD_HWL
[2020.01.18-14.33.04:390][147]LogUObjectHash: Compacting FUObjectHashTables data took   1.71ms
[2020.01.18-14.33.04:390][147]Cmd: MAP LOAD FILE="../../../../../../Users/AlienBlood/Desktop/TEST/Content/Levels/L_HD_HWL.umap" TEMPLATE=0 SHOWPROGRESS=1 FEATURELEVEL=3
[2020.01.18-14.33.04:391][147]LightingResults: New page: Lighting Build
[2020.01.18-14.33.04:391][147]LoadErrors: New page: Loading map: L_HD_HWL.umap
[2020.01.18-14.33.04:392][147]MapCheck: New page: Map Check
[2020.01.18-14.33.04:393][147]LightingResults: New page: Lighting Build
[2020.01.18-14.33.04:416][147]LogUObjectHash: Compacting FUObjectHashTables data took   1.58ms
[2020.01.18-14.33.04:474][147]LogStreaming: Display: ULevelStreaming::RequestLevel(/Game/Levels/WL_Lighting) is flushing async loading
[2020.01.18-14.33.04:474][147]LogStreaming: Display: Flushing async loaders.
[2020.01.18-14.33.04:475][147]LogLinker: Warning: Can't find file '/Game/Levels/WL_Lighting_BuiltData'
[2020.01.18-14.33.04:475][147]LogLinker: Warning: Can't find file for asset '/Game/Levels/WL_Lighting_BuiltData' while loading NULL.
[2020.01.18-14.33.04:477][147]LogLinker: Warning: Can't find file '/Game/Levels/WL_Lighting_BuiltData'
[2020.01.18-14.33.04:477][147]LogLinker: Warning: Can't find file for asset '/Game/Levels/WL_Lighting_BuiltData' while loading NULL.
[2020.01.18-14.33.04:478][147]LogLinker: Warning: Can't find file '/Game/Levels/WL_Lighting_BuiltData'
[2020.01.18-14.33.04:478][147]LogLinker: Warning: Can't find file for asset '/Game/Levels/WL_Lighting_BuiltData' while loading NULL.
[2020.01.18-14.33.04:479][147]LogLinker: Warning: Can't find file '/Game/Levels/WL_Lighting_BuiltData'
[2020.01.18-14.33.04:479][147]LogLinker: Warning: Can't find file for asset '/Game/Levels/WL_Lighting_BuiltData' while loading NULL.
[2020.01.18-14.33.04:479][147]LogLinker: Warning: Can't find file '/Game/Levels/WL_Lighting_BuiltData'
[2020.01.18-14.33.04:480][147]LogLinker: Warning: Can't find file for asset '/Game/Levels/WL_Lighting_BuiltData' while loading NULL.
[2020.01.18-14.33.04:480][147]LogLinker: Warning: Can't find file '/Game/Levels/WL_Lighting_BuiltData'
[2020.01.18-14.33.04:480][147]LogLinker: Warning: Can't find file for asset '/Game/Levels/WL_Lighting_BuiltData' while loading NULL.
[2020.01.18-14.33.04:481][147]LogLinker: Warning: Can't find file '/Game/Levels/WL_Lighting_BuiltData'
[2020.01.18-14.33.04:481][147]LoadErrors: Failed to load /Game/Levels/WL_Lighting_BuiltData.WL_Lighting_BuiltData Referenced by PersistentLevel
[2020.01.18-14.33.04:481][147]LogLinker: Warning: Can't find file for asset '/Game/Levels/WL_Lighting_BuiltData' while loading NULL.
[2020.01.18-14.33.04:487][147]LogEditorServer: Finished looking for orphan Actors (0.000 secs)
[2020.01.18-14.33.04:537][147]LogUObjectHash: Compacting FUObjectHashTables data took   1.27ms
[2020.01.18-14.33.04:537][147]MapCheck: Repaired painted vertex colors in 0.1s for 38 components in /Game/Levels/L_HD_HWL.  Resave map to fix. 
[2020.01.18-14.33.04:537][147]MapCheck: Warning: Spent 0.1s repairing painted vertex colors due to static mesh re-imports!  This will happen every load until the maps are resaved. 
[2020.01.18-14.33.04:555][147]Cmd: MAP CHECKDEP NOCLEARLOG
[2020.01.18-14.33.04:555][147]MapCheck: Map check complete: 0 Error(s), 1 Warning(s), took 0.411ms to complete.
[2020.01.18-14.33.04:559][147]LogFileHelpers: Loading map 'L_HD_HWL' took 0.170
[2020.01.18-14.33.05:452][242]LogUObjectHash: Compacting FUObjectHashTables data took   0.51ms
[2020.01.18-14.33.06:800][404]LogSlate: Window 'Message Log' being destroyed
[2020.01.18-14.33.06:805][404]LogSlate: Window 'Message Log' being destroyed
[2020.01.18-14.33.13:724][232]LogSlate: FSceneViewport::OnFocusLost() reason 0
[2020.01.18-14.33.20:110][950]LogLinker: Warning: Can't find file '/Game/Levels/L_HD_JAB_BuiltData'
[2020.01.18-14.33.20:111][950]LogLinker: Warning: Can't find file for asset '/Game/Levels/L_HD_JAB_BuiltData' while loading NULL.
[2020.01.18-14.33.20:194][950]LogLinker: Warning: Can't find file '/Game/Levels/L_HD_JAB_BuiltData'
[2020.01.18-14.33.20:194][950]LogLinker: Warning: Can't find file for asset '/Game/Levels/L_HD_JAB_BuiltData' while loading NULL.
[2020.01.18-14.33.20:207][950]LogLinker: Warning: Can't find file '/Game/Levels/L_HD_JAB_BuiltData'
[2020.01.18-14.33.20:207][950]LogLinker: Warning: Can't find file for asset '/Game/Levels/L_HD_JAB_BuiltData' while loading NULL.
[2020.01.18-14.33.20:207][950]LogLinker: Warning: Can't find file '/Game/Levels/L_HD_JAB_BuiltData'
[2020.01.18-14.33.20:207][950]LogLinker: Warning: Can't find file for asset '/Game/Levels/L_HD_JAB_BuiltData' while loading NULL.
[2020.01.18-14.33.20:296][950]LogLinker: Warning: Can't find file '/Game/Levels/L_HD_JAB_BuiltData'
[2020.01.18-14.33.20:296][950]LoadErrors: Failed to load /Game/Levels/L_HD_JAB_BuiltData.L_HD_JAB_BuiltData Referenced by PersistentLevel
[2020.01.18-14.33.20:296][950]LogLinker: Warning: Can't find file for asset '/Game/Levels/L_HD_JAB_BuiltData' while loading NULL.
[2020.01.18-14.33.20:908][950]LogAIModule: Creating AISystem for world L_HD_JAB
[2020.01.18-14.33.20:952][950]LogScript: Warning: Script Msg: Divide by zero detected: 473.398071 / 0
Script call stack:
	Function /Game/Assets/ART_Blueprints/Paul_BP/BP_InstanceOnSpline_JAB.BP_InstanceOnSpline_JAB_C:UserConstructionScript

[2020.01.18-14.33.20:953][950]LogScript: Warning: Script Msg: Divide by zero detected: 473.398071 / 0
Script call stack:
	Function /Game/Assets/ART_Blueprints/Paul_BP/BP_InstanceOnSpline_JAB.BP_InstanceOnSpline_JAB_C:UserConstructionScript

[2020.01.18-14.33.20:953][950]LogScript: Warning: Script Msg: Divide by zero detected: 15.666690 / 0
Script call stack:
	Function /Game/Assets/ART_Blueprints/Paul_BP/BP_InstanceOnSpline_JAB.BP_InstanceOnSpline_JAB_C:UserConstructionScript

[2020.01.18-14.33.20:954][950]LogScript: Warning: Script Msg: Divide by zero detected: 15.666690 / 0
Script call stack:
	Function /Game/Assets/ART_Blueprints/Paul_BP/BP_InstanceOnSpline_JAB.BP_InstanceOnSpline_JAB_C:UserConstructionScript

[2020.01.18-14.33.20:954][950]LogScript: Warning: Script Msg: Divide by zero detected: 15.666690 / 0
Script call stack:
	Function /Game/Assets/ART_Blueprints/Paul_BP/BP_InstanceOnSpline_JAB.BP_InstanceOnSpline_JAB_C:UserConstructionScript

[2020.01.18-14.33.20:954][950]LogScript: Warning: Script Msg: Divide by zero detected: 15.666690 / 0
Script call stack:
	Function /Game/Assets/ART_Blueprints/Paul_BP/BP_InstanceOnSpline_JAB.BP_InstanceOnSpline_JAB_C:UserConstructionScript

[2020.01.18-14.33.20:954][950]LogScript: Warning: Script Msg: Divide by zero detected: 15.666690 / 0
Script call stack:
	Function /Game/Assets/ART_Blueprints/Paul_BP/BP_InstanceOnSpline_JAB.BP_InstanceOnSpline_JAB_C:UserConstructionScript

[2020.01.18-14.33.20:954][950]LogScript: Warning: Script Msg: Divide by zero detected: 15.666690 / 0
Script call stack:
	Function /Game/Assets/ART_Blueprints/Paul_BP/BP_InstanceOnSpline_JAB.BP_InstanceOnSpline_JAB_C:UserConstructionScript

[2020.01.18-14.33.20:955][950]LogScript: Warning: Script Msg: Divide by zero detected: 15.666690 / 0
Script call stack:
	Function /Game/Assets/ART_Blueprints/Paul_BP/BP_InstanceOnSpline_JAB.BP_InstanceOnSpline_JAB_C:UserConstructionScript

[2020.01.18-14.33.20:955][950]LogScript: Warning: Script Msg: Divide by zero detected: 15.666690 / 0
Script call stack:
	Function /Game/Assets/ART_Blueprints/Paul_BP/BP_InstanceOnSpline_JAB.BP_InstanceOnSpline_JAB_C:UserConstructionScript

[2020.01.18-14.33.20:955][950]LogScript: Warning: Script Msg: Divide by zero detected: 15.666690 / 0
Script call stack:
	Function /Game/Assets/ART_Blueprints/Paul_BP/BP_InstanceOnSpline_JAB.BP_InstanceOnSpline_JAB_C:UserConstructionScript

[2020.01.18-14.33.20:955][950]LogScript: Warning: Script Msg: Divide by zero detected: 15.666690 / 0
Script call stack:
	Function /Game/Assets/ART_Blueprints/Paul_BP/BP_InstanceOnSpline_JAB.BP_InstanceOnSpline_JAB_C:UserConstructionScript

[2020.01.18-14.33.20:955][950]LogScript: Warning: Script Msg: Divide by zero detected: 15.666690 / 0
Script call stack:
	Function /Game/Assets/ART_Blueprints/Paul_BP/BP_InstanceOnSpline_JAB.BP_InstanceOnSpline_JAB_C:UserConstructionScript

[2020.01.18-14.33.20:955][950]LogScript: Warning: Script Msg: Divide by zero detected: 15.666690 / 0
Script call stack:
	Function /Game/Assets/ART_Blueprints/Paul_BP/BP_InstanceOnSpline_JAB.BP_InstanceOnSpline_JAB_C:UserConstructionScript

[2020.01.18-14.33.20:958][950]LogScript: Warning: Script Msg: Divide by zero detected: 236.973114 / 0
Script call stack:
	Function /Game/Assets/ART_Blueprints/Paul_BP/BP_InstanceOnSpline_JAB.BP_InstanceOnSpline_JAB_C:UserConstructionScript

[2020.01.18-14.33.20:958][950]LogScript: Warning: Script Msg: Divide by zero detected: 236.973114 / 0
Script call stack:
	Function /Game/Assets/ART_Blueprints/Paul_BP/BP_InstanceOnSpline_JAB.BP_InstanceOnSpline_JAB_C:UserConstructionScript

[2020.01.18-14.33.20:960][950]LogScript: Warning: Script Msg: Divide by zero detected: 854.192871 / 0
Script call stack:
	Function /Game/Assets/ART_Blueprints/Paul_BP/BP_InstanceOnSpline_JAB.BP_InstanceOnSpline_JAB_C:UserConstructionScript

[2020.01.18-14.33.20:960][950]LogScript: Warning: Script Msg: Divide by zero detected: 854.192871 / 0
Script call stack:
	Function /Game/Assets/ART_Blueprints/Paul_BP/BP_InstanceOnSpline_JAB.BP_InstanceOnSpline_JAB_C:UserConstructionScript

[2020.01.18-14.33.20:960][950]LogScript: Warning: Script Msg: Divide by zero detected: 854.192871 / 0
Script call stack:
	Function /Game/Assets/ART_Blueprints/Paul_BP/BP_InstanceOnSpline_JAB.BP_InstanceOnSpline_JAB_C:UserConstructionScript

[2020.01.18-14.33.20:961][950]LogScript: Warning: Script Msg: Divide by zero detected: 854.192871 / 0
Script call stack:
	Function /Game/Assets/ART_Blueprints/Paul_BP/BP_InstanceOnSpline_JAB.BP_InstanceOnSpline_JAB_C:UserConstructionScript

[2020.01.18-14.33.20:987][950]LogScript: Warning: Script Msg: Divide by zero detected: 172.211609 / 0
Script call stack:
	Function /Game/Assets/ART_Blueprints/Paul_BP/BP_InstanceOnSpline_JAB.BP_InstanceOnSpline_JAB_C:UserConstructionScript

[2020.01.18-14.33.21:022][950]LogScript: Warning: Script Msg: Divide by zero detected: 853.940002 / 0
Script call stack:
	Function /Game/Assets/ART_Blueprints/Paul_BP/BP_InstanceOnSpline_JAB.BP_InstanceOnSpline_JAB_C:UserConstructionScript

[2020.01.18-14.33.21:022][950]LogScript: Warning: Script Msg: Divide by zero detected: 853.940002 / 0
Script call stack:
	Function /Game/Assets/ART_Blueprints/Paul_BP/BP_InstanceOnSpline_JAB.BP_InstanceOnSpline_JAB_C:UserConstructionScript

[2020.01.18-14.33.21:082][950]LogScript: Warning: Script Msg: Attempted to access index 8 from array 'All Child Actors of powerLine' of length 8 in '/Game/Assets/ART_Blueprints/PowerLine/BP_Spline_Powerline_CTRL_JAB.BP_Spline_Powerline_CTRL_JAB_C'!
[2020.01.18-14.33.21:082][950]LogScript: Warning: Accessed None trying to read property CallFunc_Array_Get_Item3
	BP_Spline_Powerline_CTRL_JAB_C /Game/Levels/L_HD_JAB.L_HD_JAB:PersistentLevel.BP_Spline_Powerline_JAB3_2
	Function /Game/Assets/ART_Blueprints/PowerLine/BP_Spline_Powerline_CTRL_JAB.BP_Spline_Powerline_CTRL_JAB_C:UserConstructionScript:0FB9
[2020.01.18-14.33.21:082][950]LogScript: Warning: Script Msg: Attempted to access index 8 from array 'All Child Actors of powerLine' of length 8 in '/Game/Assets/ART_Blueprints/PowerLine/BP_Spline_Powerline_CTRL_JAB.BP_Spline_Powerline_CTRL_JAB_C'!
[2020.01.18-14.33.21:082][950]LogScript: Warning: Accessed None trying to read property CallFunc_Array_Get_Item3
	BP_Spline_Powerline_CTRL_JAB_C /Game/Levels/L_HD_JAB.L_HD_JAB:PersistentLevel.BP_Spline_Powerline_JAB3_2
	Function /Game/Assets/ART_Blueprints/PowerLine/BP_Spline_Powerline_CTRL_JAB.BP_Spline_Powerline_CTRL_JAB_C:UserConstructionScript:1090
[2020.01.18-14.33.21:082][950]LogScript: Warning: Accessed None
	BP_Spline_Powerline_CTRL_JAB_C /Game/Levels/L_HD_JAB.L_HD_JAB:PersistentLevel.BP_Spline_Powerline_JAB3_2
	Function /Game/Assets/ART_Blueprints/PowerLine/BP_Spline_Powerline_CTRL_JAB.BP_Spline_Powerline_CTRL_JAB_C:UserConstructionScript:10A5
[2020.01.18-14.33.21:089][950]LogScript: Warning: Script Msg: Attempted to access index 9 from array 'All Child Actors of powerLine' of length 9 in '/Game/Assets/ART_Blueprints/PowerLine/BP_Spline_Powerline_JAB.BP_Spline_Powerline_JAB_C'!
[2020.01.18-14.33.21:089][950]LogScript: Warning: Accessed None trying to read property CallFunc_Array_Get_Item3
	BP_Spline_Powerline_JAB_C /Game/Levels/L_HD_JAB.L_HD_JAB:PersistentLevel.BP_Spline_Powerline_2
	Function /Game/Assets/ART_Blueprints/PowerLine/BP_Spline_Powerline_JAB.BP_Spline_Powerline_JAB_C:UserConstructionScript:0EDC
[2020.01.18-14.33.21:089][950]LogScript: Warning: Script Msg: Attempted to access index 9 from array 'All Child Actors of powerLine' of length 9 in '/Game/Assets/ART_Blueprints/PowerLine/BP_Spline_Powerline_JAB.BP_Spline_Powerline_JAB_C'!
[2020.01.18-14.33.21:089][950]LogScript: Warning: Accessed None trying to read property CallFunc_Array_Get_Item3
	BP_Spline_Powerline_JAB_C /Game/Levels/L_HD_JAB.L_HD_JAB:PersistentLevel.BP_Spline_Powerline_2
	Function /Game/Assets/ART_Blueprints/PowerLine/BP_Spline_Powerline_JAB.BP_Spline_Powerline_JAB_C:UserConstructionScript:0FB3
[2020.01.18-14.33.21:089][950]LogScript: Warning: Accessed None
	BP_Spline_Powerline_JAB_C /Game/Levels/L_HD_JAB.L_HD_JAB:PersistentLevel.BP_Spline_Powerline_2
	Function /Game/Assets/ART_Blueprints/PowerLine/BP_Spline_Powerline_JAB.BP_Spline_Powerline_JAB_C:UserConstructionScript:0FC8
[2020.01.18-14.33.21:089][950]LogScript: Warning: Script Msg: Attempted to access index 9 from array 'All Child Actors of powerLine' of length 9 in '/Game/Assets/ART_Blueprints/PowerLine/BP_Spline_Powerline_JAB.BP_Spline_Powerline_JAB_C'!
[2020.01.18-14.33.21:089][950]LogScript: Warning: Accessed None trying to read property CallFunc_Array_Get_Item3
	BP_Spline_Powerline_JAB_C /Game/Levels/L_HD_JAB.L_HD_JAB:PersistentLevel.BP_Spline_Powerline_2
	Function /Game/Assets/ART_Blueprints/PowerLine/BP_Spline_Powerline_JAB.BP_Spline_Powerline_JAB_C:UserConstructionScript:0A27
[2020.01.18-14.33.21:089][950]LogScript: Warning: Script Msg: Attempted to access index 9 from array 'All Child Actors of powerLine' of length 9 in '/Game/Assets/ART_Blueprints/PowerLine/BP_Spline_Powerline_JAB.BP_Spline_Powerline_JAB_C'!
[2020.01.18-14.33.21:089][950]LogScript: Warning: Accessed None trying to read property CallFunc_Array_Get_Item3
	BP_Spline_Powerline_JAB_C /Game/Levels/L_HD_JAB.L_HD_JAB:PersistentLevel.BP_Spline_Powerline_2
	Function /Game/Assets/ART_Blueprints/PowerLine/BP_Spline_Powerline_JAB.BP_Spline_Powerline_JAB_C:UserConstructionScript:0AFE
[2020.01.18-14.33.21:089][950]LogScript: Warning: Accessed None
	BP_Spline_Powerline_JAB_C /Game/Levels/L_HD_JAB.L_HD_JAB:PersistentLevel.BP_Spline_Powerline_2
	Function /Game/Assets/ART_Blueprints/PowerLine/BP_Spline_Powerline_JAB.BP_Spline_Powerline_JAB_C:UserConstructionScript:0B13
[2020.01.18-14.33.21:104][950]LogAssetEditorManager: Opening Asset editor for World /Game/Levels/L_HD_JAB.L_HD_JAB
[2020.01.18-14.33.21:138][950]LogUObjectHash: Compacting FUObjectHashTables data took   2.10ms
[2020.01.18-14.33.21:139][950]Cmd: MAP LOAD FILE="../../../../../../Users/AlienBlood/Desktop/TEST/Content/Levels/L_HD_JAB.umap" TEMPLATE=0 SHOWPROGRESS=1 FEATURELEVEL=3
[2020.01.18-14.33.21:139][950]LightingResults: New page: Lighting Build
[2020.01.18-14.33.21:140][950]LoadErrors: New page: Loading map: L_HD_JAB.umap
[2020.01.18-14.33.21:143][950]MapCheck: New page: Map Check
[2020.01.18-14.33.21:143][950]LightingResults: New page: Lighting Build
[2020.01.18-14.33.21:169][950]LogUObjectHash: Compacting FUObjectHashTables data took   1.61ms
[2020.01.18-14.33.21:442][950]LogScript: Warning: Script Msg: Divide by zero detected: 473.398071 / 0
Script call stack:
	Function /Game/Assets/ART_Blueprints/Paul_BP/BP_InstanceOnSpline_JAB.BP_InstanceOnSpline_JAB_C:UserConstructionScript

[2020.01.18-14.33.21:442][950]LogScript: Warning: Script Msg: Divide by zero detected: 473.398071 / 0
Script call stack:
	Function /Game/Assets/ART_Blueprints/Paul_BP/BP_InstanceOnSpline_JAB.BP_InstanceOnSpline_JAB_C:UserConstructionScript

[2020.01.18-14.33.21:443][950]LogScript: Warning: Script Msg: Divide by zero detected: 15.666690 / 0
Script call stack:
	Function /Game/Assets/ART_Blueprints/Paul_BP/BP_InstanceOnSpline_JAB.BP_InstanceOnSpline_JAB_C:UserConstructionScript

[2020.01.18-14.33.21:443][950]LogScript: Warning: Script Msg: Divide by zero detected: 15.666690 / 0
Script call stack:
	Function /Game/Assets/ART_Blueprints/Paul_BP/BP_InstanceOnSpline_JAB.BP_InstanceOnSpline_JAB_C:UserConstructionScript

[2020.01.18-14.33.21:443][950]LogScript: Warning: Script Msg: Divide by zero detected: 15.666690 / 0
Script call stack:
	Function /Game/Assets/ART_Blueprints/Paul_BP/BP_InstanceOnSpline_JAB.BP_InstanceOnSpline_JAB_C:UserConstructionScript

[2020.01.18-14.33.21:443][950]LogScript: Warning: Script Msg: Divide by zero detected: 15.666690 / 0
Script call stack:
	Function /Game/Assets/ART_Blueprints/Paul_BP/BP_InstanceOnSpline_JAB.BP_InstanceOnSpline_JAB_C:UserConstructionScript

[2020.01.18-14.33.21:443][950]LogScript: Warning: Script Msg: Divide by zero detected: 15.666690 / 0
Script call stack:
	Function /Game/Assets/ART_Blueprints/Paul_BP/BP_InstanceOnSpline_JAB.BP_InstanceOnSpline_JAB_C:UserConstructionScript

[2020.01.18-14.33.21:443][950]LogScript: Warning: Script Msg: Divide by zero detected: 15.666690 / 0
Script call stack:
	Function /Game/Assets/ART_Blueprints/Paul_BP/BP_InstanceOnSpline_JAB.BP_InstanceOnSpline_JAB_C:UserConstructionScript

[2020.01.18-14.33.21:444][950]LogScript: Warning: Script Msg: Divide by zero detected: 15.666690 / 0
Script call stack:
	Function /Game/Assets/ART_Blueprints/Paul_BP/BP_InstanceOnSpline_JAB.BP_InstanceOnSpline_JAB_C:UserConstructionScript

[2020.01.18-14.33.21:444][950]LogScript: Warning: Script Msg: Divide by zero detected: 15.666690 / 0
Script call stack:
	Function /Game/Assets/ART_Blueprints/Paul_BP/BP_InstanceOnSpline_JAB.BP_InstanceOnSpline_JAB_C:UserConstructionScript

[2020.01.18-14.33.21:444][950]LogScript: Warning: Script Msg: Divide by zero detected: 15.666690 / 0
Script call stack:
	Function /Game/Assets/ART_Blueprints/Paul_BP/BP_InstanceOnSpline_JAB.BP_InstanceOnSpline_JAB_C:UserConstructionScript

[2020.01.18-14.33.21:444][950]LogScript: Warning: Script Msg: Divide by zero detected: 15.666690 / 0
Script call stack:
	Function /Game/Assets/ART_Blueprints/Paul_BP/BP_InstanceOnSpline_JAB.BP_InstanceOnSpline_JAB_C:UserConstructionScript

[2020.01.18-14.33.21:444][950]LogScript: Warning: Script Msg: Divide by zero detected: 15.666690 / 0
Script call stack:
	Function /Game/Assets/ART_Blueprints/Paul_BP/BP_InstanceOnSpline_JAB.BP_InstanceOnSpline_JAB_C:UserConstructionScript

[2020.01.18-14.33.21:444][950]LogScript: Warning: Script Msg: Divide by zero detected: 15.666690 / 0
Script call stack:
	Function /Game/Assets/ART_Blueprints/Paul_BP/BP_InstanceOnSpline_JAB.BP_InstanceOnSpline_JAB_C:UserConstructionScript

[2020.01.18-14.33.21:448][950]LogScript: Warning: Script Msg: Divide by zero detected: 236.973114 / 0
Script call stack:
	Function /Game/Assets/ART_Blueprints/Paul_BP/BP_InstanceOnSpline_JAB.BP_InstanceOnSpline_JAB_C:UserConstructionScript

[2020.01.18-14.33.21:449][950]LogScript: Warning: Script Msg: Divide by zero detected: 236.973114 / 0
Script call stack:
	Function /Game/Assets/ART_Blueprints/Paul_BP/BP_InstanceOnSpline_JAB.BP_InstanceOnSpline_JAB_C:UserConstructionScript

[2020.01.18-14.33.21:451][950]LogScript: Warning: Script Msg: Divide by zero detected: 854.192871 / 0
Script call stack:
	Function /Game/Assets/ART_Blueprints/Paul_BP/BP_InstanceOnSpline_JAB.BP_InstanceOnSpline_JAB_C:UserConstructionScript

[2020.01.18-14.33.21:451][950]LogScript: Warning: Script Msg: Divide by zero detected: 854.192871 / 0
Script call stack:
	Function /Game/Assets/ART_Blueprints/Paul_BP/BP_InstanceOnSpline_JAB.BP_InstanceOnSpline_JAB_C:UserConstructionScript

[2020.01.18-14.33.21:451][950]LogScript: Warning: Script Msg: Divide by zero detected: 854.192871 / 0
Script call stack:
	Function /Game/Assets/ART_Blueprints/Paul_BP/BP_InstanceOnSpline_JAB.BP_InstanceOnSpline_JAB_C:UserConstructionScript

[2020.01.18-14.33.21:451][950]LogScript: Warning: Script Msg: Divide by zero detected: 854.192871 / 0
Script call stack:
	Function /Game/Assets/ART_Blueprints/Paul_BP/BP_InstanceOnSpline_JAB.BP_InstanceOnSpline_JAB_C:UserConstructionScript

[2020.01.18-14.33.21:483][950]LogScript: Warning: Script Msg: Divide by zero detected: 172.211609 / 0
Script call stack:
	Function /Game/Assets/ART_Blueprints/Paul_BP/BP_InstanceOnSpline_JAB.BP_InstanceOnSpline_JAB_C:UserConstructionScript

[2020.01.18-14.33.21:524][950]LogScript: Warning: Script Msg: Divide by zero detected: 853.940002 / 0
Script call stack:
	Function /Game/Assets/ART_Blueprints/Paul_BP/BP_InstanceOnSpline_JAB.BP_InstanceOnSpline_JAB_C:UserConstructionScript

[2020.01.18-14.33.21:524][950]LogScript: Warning: Script Msg: Divide by zero detected: 853.940002 / 0
Script call stack:
	Function /Game/Assets/ART_Blueprints/Paul_BP/BP_InstanceOnSpline_JAB.BP_InstanceOnSpline_JAB_C:UserConstructionScript

[2020.01.18-14.33.21:621][950]LogScript: Warning: Script Msg: Attempted to access index 8 from array 'All Child Actors of powerLine' of length 8 in '/Game/Assets/ART_Blueprints/PowerLine/BP_Spline_Powerline_CTRL_JAB.BP_Spline_Powerline_CTRL_JAB_C'!
[2020.01.18-14.33.21:621][950]LogScript: Warning: Accessed None trying to read property CallFunc_Array_Get_Item3
	BP_Spline_Powerline_CTRL_JAB_C /Game/Levels/L_HD_JAB.L_HD_JAB:PersistentLevel.BP_Spline_Powerline_JAB3_2
	Function /Game/Assets/ART_Blueprints/PowerLine/BP_Spline_Powerline_CTRL_JAB.BP_Spline_Powerline_CTRL_JAB_C:UserConstructionScript:0FB9
[2020.01.18-14.33.21:621][950]LogScript: Warning: Script Msg: Attempted to access index 8 from array 'All Child Actors of powerLine' of length 8 in '/Game/Assets/ART_Blueprints/PowerLine/BP_Spline_Powerline_CTRL_JAB.BP_Spline_Powerline_CTRL_JAB_C'!
[2020.01.18-14.33.21:621][950]LogScript: Warning: Accessed None trying to read property CallFunc_Array_Get_Item3
	BP_Spline_Powerline_CTRL_JAB_C /Game/Levels/L_HD_JAB.L_HD_JAB:PersistentLevel.BP_Spline_Powerline_JAB3_2
	Function /Game/Assets/ART_Blueprints/PowerLine/BP_Spline_Powerline_CTRL_JAB.BP_Spline_Powerline_CTRL_JAB_C:UserConstructionScript:1090
[2020.01.18-14.33.21:621][950]LogScript: Warning: Accessed None
	BP_Spline_Powerline_CTRL_JAB_C /Game/Levels/L_HD_JAB.L_HD_JAB:PersistentLevel.BP_Spline_Powerline_JAB3_2
	Function /Game/Assets/ART_Blueprints/PowerLine/BP_Spline_Powerline_CTRL_JAB.BP_Spline_Powerline_CTRL_JAB_C:UserConstructionScript:10A5
[2020.01.18-14.33.21:629][950]LogScript: Warning: Script Msg: Attempted to access index 9 from array 'All Child Actors of powerLine' of length 9 in '/Game/Assets/ART_Blueprints/PowerLine/BP_Spline_Powerline_JAB.BP_Spline_Powerline_JAB_C'!
[2020.01.18-14.33.21:629][950]LogScript: Warning: Accessed None trying to read property CallFunc_Array_Get_Item3
	BP_Spline_Powerline_JAB_C /Game/Levels/L_HD_JAB.L_HD_JAB:PersistentLevel.BP_Spline_Powerline_2
	Function /Game/Assets/ART_Blueprints/PowerLine/BP_Spline_Powerline_JAB.BP_Spline_Powerline_JAB_C:UserConstructionScript:0EDC
[2020.01.18-14.33.21:629][950]LogScript: Warning: Script Msg: Attempted to access index 9 from array 'All Child Actors of powerLine' of length 9 in '/Game/Assets/ART_Blueprints/PowerLine/BP_Spline_Powerline_JAB.BP_Spline_Powerline_JAB_C'!
[2020.01.18-14.33.21:629][950]LogScript: Warning: Accessed None trying to read property CallFunc_Array_Get_Item3
	BP_Spline_Powerline_JAB_C /Game/Levels/L_HD_JAB.L_HD_JAB:PersistentLevel.BP_Spline_Powerline_2
	Function /Game/Assets/ART_Blueprints/PowerLine/BP_Spline_Powerline_JAB.BP_Spline_Powerline_JAB_C:UserConstructionScript:0FB3
[2020.01.18-14.33.21:629][950]LogScript: Warning: Accessed None
	BP_Spline_Powerline_JAB_C /Game/Levels/L_HD_JAB.L_HD_JAB:PersistentLevel.BP_Spline_Powerline_2
	Function /Game/Assets/ART_Blueprints/PowerLine/BP_Spline_Powerline_JAB.BP_Spline_Powerline_JAB_C:UserConstructionScript:0FC8
[2020.01.18-14.33.21:629][950]LogScript: Warning: Script Msg: Attempted to access index 9 from array 'All Child Actors of powerLine' of length 9 in '/Game/Assets/ART_Blueprints/PowerLine/BP_Spline_Powerline_JAB.BP_Spline_Powerline_JAB_C'!
[2020.01.18-14.33.21:629][950]LogScript: Warning: Accessed None trying to read property CallFunc_Array_Get_Item3
	BP_Spline_Powerline_JAB_C /Game/Levels/L_HD_JAB.L_HD_JAB:PersistentLevel.BP_Spline_Powerline_2
	Function /Game/Assets/ART_Blueprints/PowerLine/BP_Spline_Powerline_JAB.BP_Spline_Powerline_JAB_C:UserConstructionScript:0A27
[2020.01.18-14.33.21:629][950]LogScript: Warning: Script Msg: Attempted to access index 9 from array 'All Child Actors of powerLine' of length 9 in '/Game/Assets/ART_Blueprints/PowerLine/BP_Spline_Powerline_JAB.BP_Spline_Powerline_JAB_C'!
[2020.01.18-14.33.21:629][950]LogScript: Warning: Accessed None trying to read property CallFunc_Array_Get_Item3
	BP_Spline_Powerline_JAB_C /Game/Levels/L_HD_JAB.L_HD_JAB:PersistentLevel.BP_Spline_Powerline_2
	Function /Game/Assets/ART_Blueprints/PowerLine/BP_Spline_Powerline_JAB.BP_Spline_Powerline_JAB_C:UserConstructionScript:0AFE
[2020.01.18-14.33.21:629][950]LogScript: Warning: Accessed None
	BP_Spline_Powerline_JAB_C /Game/Levels/L_HD_JAB.L_HD_JAB:PersistentLevel.BP_Spline_Powerline_2
	Function /Game/Assets/ART_Blueprints/PowerLine/BP_Spline_Powerline_JAB.BP_Spline_Powerline_JAB_C:UserConstructionScript:0B13
[2020.01.18-14.33.21:640][950]LogStreaming: Display: ULevelStreaming::RequestLevel(/Game/Levels/WL_Lighting) is flushing async loading
[2020.01.18-14.33.21:640][950]LogStreaming: Display: Flushing async loaders.
[2020.01.18-14.33.21:642][950]LogLinker: Warning: Can't find file '/Game/Levels/WL_Lighting_BuiltData'
[2020.01.18-14.33.21:642][950]LogLinker: Warning: Can't find file for asset '/Game/Levels/WL_Lighting_BuiltData' while loading NULL.
[2020.01.18-14.33.21:643][950]LogLinker: Warning: Can't find file '/Game/Levels/WL_Lighting_BuiltData'
[2020.01.18-14.33.21:644][950]LogLinker: Warning: Can't find file for asset '/Game/Levels/WL_Lighting_BuiltData' while loading NULL.
[2020.01.18-14.33.21:644][950]LogLinker: Warning: Can't find file '/Game/Levels/WL_Lighting_BuiltData'
[2020.01.18-14.33.21:645][950]LogLinker: Warning: Can't find file for asset '/Game/Levels/WL_Lighting_BuiltData' while loading NULL.
[2020.01.18-14.33.21:645][950]LogLinker: Warning: Can't find file '/Game/Levels/WL_Lighting_BuiltData'
[2020.01.18-14.33.21:645][950]LogLinker: Warning: Can't find file for asset '/Game/Levels/WL_Lighting_BuiltData' while loading NULL.
[2020.01.18-14.33.21:646][950]LogLinker: Warning: Can't find file '/Game/Levels/WL_Lighting_BuiltData'
[2020.01.18-14.33.21:646][950]LogLinker: Warning: Can't find file for asset '/Game/Levels/WL_Lighting_BuiltData' while loading NULL.
[2020.01.18-14.33.21:646][950]LogLinker: Warning: Can't find file '/Game/Levels/WL_Lighting_BuiltData'
[2020.01.18-14.33.21:646][950]LogLinker: Warning: Can't find file for asset '/Game/Levels/WL_Lighting_BuiltData' while loading NULL.
[2020.01.18-14.33.21:648][950]LogLinker: Warning: Can't find file '/Game/Levels/WL_Lighting_BuiltData'
[2020.01.18-14.33.21:648][950]LoadErrors: Failed to load /Game/Levels/WL_Lighting_BuiltData.WL_Lighting_BuiltData Referenced by PersistentLevel
[2020.01.18-14.33.21:649][950]LogLinker: Warning: Can't find file for asset '/Game/Levels/WL_Lighting_BuiltData' while loading NULL.
[2020.01.18-14.33.21:660][950]LogEditorServer: Finished looking for orphan Actors (0.000 secs)
[2020.01.18-14.33.21:745][950]LogUObjectHash: Compacting FUObjectHashTables data took   1.43ms
[2020.01.18-14.33.21:745][950]MapCheck: Repaired painted vertex colors in 0.1s for 47 components in /Game/Levels/L_HD_JAB.  Resave map to fix. 
[2020.01.18-14.33.21:745][950]MapCheck: Warning: Spent 0.1s repairing painted vertex colors due to static mesh re-imports!  This will happen every load until the maps are resaved. 
[2020.01.18-14.33.21:761][950]Cmd: MAP CHECKDEP NOCLEARLOG
[2020.01.18-14.33.21:762][950]MapCheck: Map check complete: 0 Error(s), 1 Warning(s), took 0.405ms to complete.
[2020.01.18-14.33.21:766][950]LogFileHelpers: Loading map 'L_HD_JAB' took 0.627
[2020.01.18-14.33.22:742][ 25]LogUObjectHash: Compacting FUObjectHashTables data took   0.51ms
[2020.01.18-14.33.23:943][159]LogSlate: Window 'Message Log' being destroyed
[2020.01.18-14.33.23:947][159]LogSlate: Window 'Message Log' being destroyed
[2020.01.18-14.33.36:141][621]LogSlate: FSceneViewport::OnFocusLost() reason 0
[2020.01.18-14.33.42:068][330]LogLinker: Warning: Can't find file '/Game/VehicleBP/Blueprints/VehicleGameMode'
[2020.01.18-14.33.42:068][330]LogLinker: Warning: Can't find file for asset '/Game/VehicleBP/Blueprints/VehicleGameMode' while loading NULL.
[2020.01.18-14.33.42:069][330]LogLinker: Warning: Can't find file '/Game/VehicleBP/Blueprints/VehicleGameMode'
[2020.01.18-14.33.42:069][330]LogLinker: Warning: Can't find file for asset '/Game/VehicleBP/Blueprints/VehicleGameMode' while loading NULL.
[2020.01.18-14.33.42:070][330]LogLinker: Warning: Can't find file '/Game/VehicleBP/Blueprints/VehicleGameMode'
[2020.01.18-14.33.42:070][330]LogLinker: Warning: Can't find file for asset '/Game/VehicleBP/Blueprints/VehicleGameMode' while loading NULL.
[2020.01.18-14.33.42:070][330]LogLinker: Warning: Can't find file '/Game/VehicleBP/Blueprints/VehicleGameMode'
[2020.01.18-14.33.42:070][330]LogLinker: Warning: Can't find file for asset '/Game/VehicleBP/Blueprints/VehicleGameMode' while loading NULL.
[2020.01.18-14.33.42:072][330]LogLinker: Warning: Can't find file '/Game/VehicleBP/Blueprints/VehicleGameMode'
[2020.01.18-14.33.42:072][330]LoadErrors: Failed to load /Game/VehicleBP/Blueprints/VehicleGameMode.VehicleGameMode_C Referenced by WorldSettings_1
[2020.01.18-14.33.42:072][330]LogLinker: Warning: Can't find file for asset '/Game/VehicleBP/Blueprints/VehicleGameMode' while loading NULL.
[2020.01.18-14.33.42:073][330]LogAIModule: Creating AISystem for world L_MasterLevel1
[2020.01.18-14.33.42:075][330]LogAssetEditorManager: Opening Asset editor for World /Game/Levels/Archive/L_MasterLevel1.L_MasterLevel1
[2020.01.18-14.33.42:096][330]LogUObjectHash: Compacting FUObjectHashTables data took   1.11ms
[2020.01.18-14.33.42:097][330]Cmd: MAP LOAD FILE="../../../../../../Users/AlienBlood/Desktop/TEST/Content/Levels/Archive/L_MasterLevel1.umap" TEMPLATE=0 SHOWPROGRESS=1 FEATURELEVEL=3
[2020.01.18-14.33.42:097][330]LightingResults: New page: Lighting Build
[2020.01.18-14.33.42:097][330]LoadErrors: New page: Loading map: L_MasterLevel1.umap
[2020.01.18-14.33.42:105][330]MapCheck: New page: Map Check
[2020.01.18-14.33.42:105][330]LightingResults: New page: Lighting Build
[2020.01.18-14.33.42:134][330]LogUObjectHash: Compacting FUObjectHashTables data took   1.91ms
[2020.01.18-14.33.42:135][330]LogStreaming: Display: ULevelStreaming::RequestLevel(/Game/Levels/WL_Lighting) is flushing async loading
[2020.01.18-14.33.42:135][330]LogStreaming: Display: Flushing async loaders.
[2020.01.18-14.33.42:136][330]LogLinker: Warning: Can't find file '/Game/Levels/WL_Lighting_BuiltData'
[2020.01.18-14.33.42:137][330]LogLinker: Warning: Can't find file for asset '/Game/Levels/WL_Lighting_BuiltData' while loading NULL.
[2020.01.18-14.33.42:138][330]LogLinker: Warning: Can't find file '/Game/Levels/WL_Lighting_BuiltData'
[2020.01.18-14.33.42:138][330]LogLinker: Warning: Can't find file for asset '/Game/Levels/WL_Lighting_BuiltData' while loading NULL.
[2020.01.18-14.33.42:139][330]LogLinker: Warning: Can't find file '/Game/Levels/WL_Lighting_BuiltData'
[2020.01.18-14.33.42:139][330]LogLinker: Warning: Can't find file for asset '/Game/Levels/WL_Lighting_BuiltData' while loading NULL.
[2020.01.18-14.33.42:140][330]LogLinker: Warning: Can't find file '/Game/Levels/WL_Lighting_BuiltData'
[2020.01.18-14.33.42:140][330]LogLinker: Warning: Can't find file for asset '/Game/Levels/WL_Lighting_BuiltData' while loading NULL.
[2020.01.18-14.33.42:140][330]LogLinker: Warning: Can't find file '/Game/Levels/WL_Lighting_BuiltData'
[2020.01.18-14.33.42:141][330]LogLinker: Warning: Can't find file for asset '/Game/Levels/WL_Lighting_BuiltData' while loading NULL.
[2020.01.18-14.33.42:141][330]LogLinker: Warning: Can't find file '/Game/Levels/WL_Lighting_BuiltData'
[2020.01.18-14.33.42:141][330]LogLinker: Warning: Can't find file for asset '/Game/Levels/WL_Lighting_BuiltData' while loading NULL.
[2020.01.18-14.33.42:143][330]LogLinker: Warning: Can't find file '/Game/Levels/WL_Lighting_BuiltData'
[2020.01.18-14.33.42:143][330]LoadErrors: Failed to load /Game/Levels/WL_Lighting_BuiltData.WL_Lighting_BuiltData Referenced by PersistentLevel
[2020.01.18-14.33.42:143][330]LogLinker: Warning: Can't find file for asset '/Game/Levels/WL_Lighting_BuiltData' while loading NULL.
[2020.01.18-14.33.42:145][330]LogStreaming: Display: ULevelStreaming::RequestLevel(/Game/Levels/Archive/L_HD_RDB) is flushing async loading
[2020.01.18-14.33.42:636][330]LogScript: Warning: Script Msg: Divide by zero detected: 810.006714 / 0
Script call stack:
	Function /Game/Assets/ART_Blueprints/BP_InstanceOnSpline_RDB.BP_InstanceOnSpline_RDB_C:UserConstructionScript

[2020.01.18-14.33.42:638][330]LogStreaming: Display: ULevelStreaming::RequestLevel(/Game/Levels/Archive/L_LD_RDB) is flushing async loading
[2020.01.18-14.33.42:769][330]LogEditorServer: Finished looking for orphan Actors (0.000 secs)
[2020.01.18-14.33.42:808][330]LogUObjectHash: Compacting FUObjectHashTables data took   1.79ms
[2020.01.18-14.33.42:825][330]Cmd: MAP CHECKDEP NOCLEARLOG
[2020.01.18-14.33.42:825][330]LogEditorServer: Warning: WorldSettings contains streaming level '/Game/Levels/WL_Lighting' which isn't loaded.
[2020.01.18-14.33.42:825][330]LogEditorServer: Warning: WorldSettings contains streaming level '/Game/Levels/Archive/L_LD_RDB' which isn't loaded.
[2020.01.18-14.33.42:825][330]LogEditorServer: Warning: WorldSettings contains streaming level '/Game/Levels/WL_Lighting' which isn't loaded.
[2020.01.18-14.33.42:829][330]MapCheck: Map check complete: 0 Error(s), 0 Warning(s), took 4.215ms to complete.
[2020.01.18-14.33.42:829][330]LogFileHelpers: Loading map 'L_MasterLevel1' took 0.732
[2020.01.18-14.33.42:873][330]LogUObjectHash: Compacting FUObjectHashTables data took   0.51ms
[2020.01.18-14.33.45:166][576]LogSlate: Window 'Message Log' being destroyed
[2020.01.18-14.33.45:170][576]LogSlate: Window 'Message Log' being destroyed
[2020.01.18-14.35.16:506][467]LogSlate: FSceneViewport::OnFocusLost() reason 0
